[2025-03-09T12:28:46.125+0000] {local_task_job_runner.py:123} INFO - ::group::Pre task execution logs
[2025-03-09T12:28:46.135+0000] {taskinstance.py:2614} INFO - Dependencies all met for dep_context=non-requeueable deps ti=<TaskInstance: SparkDag.Spark_Task_1 manual__2025-03-09T12:28:44.835972+00:00 [queued]>
[2025-03-09T12:28:46.142+0000] {taskinstance.py:2614} INFO - Dependencies all met for dep_context=requeueable deps ti=<TaskInstance: SparkDag.Spark_Task_1 manual__2025-03-09T12:28:44.835972+00:00 [queued]>
[2025-03-09T12:28:46.143+0000] {taskinstance.py:2867} INFO - Starting attempt 1 of 4
[2025-03-09T12:28:46.151+0000] {taskinstance.py:2890} INFO - Executing <Task(SparkSubmitOperator): Spark_Task_1> on 2025-03-09 12:28:44.835972+00:00
[2025-03-09T12:28:46.154+0000] {standard_task_runner.py:72} INFO - Started process 226 to run task
[2025-03-09T12:28:46.157+0000] {standard_task_runner.py:104} INFO - Running: ['***', 'tasks', 'run', 'SparkDag', 'Spark_Task_1', 'manual__2025-03-09T12:28:44.835972+00:00', '--job-id', '5', '--raw', '--subdir', 'DAGS_FOLDER/spark_job_example.py', '--cfg-path', '/tmp/tmpmm3rhdxu']
[2025-03-09T12:28:46.160+0000] {standard_task_runner.py:105} INFO - Job 5: Subtask Spark_Task_1
[2025-03-09T12:28:46.187+0000] {task_command.py:467} INFO - Running <TaskInstance: SparkDag.Spark_Task_1 manual__2025-03-09T12:28:44.835972+00:00 [running]> on host b9ca2d8b50b2
[2025-03-09T12:28:46.311+0000] {taskinstance.py:3134} INFO - Exporting env vars: AIRFLOW_CTX_DAG_OWNER='***' AIRFLOW_CTX_DAG_ID='SparkDag' AIRFLOW_CTX_TASK_ID='Spark_Task_1' AIRFLOW_CTX_EXECUTION_DATE='2025-03-09T12:28:44.835972+00:00' AIRFLOW_CTX_TRY_NUMBER='1' AIRFLOW_CTX_DAG_RUN_ID='manual__2025-03-09T12:28:44.835972+00:00'
[2025-03-09T12:28:46.312+0000] {taskinstance.py:732} INFO - ::endgroup::
[2025-03-09T12:28:46.321+0000] {base.py:84} INFO - Retrieving connection 'spark_local'
[2025-03-09T12:28:46.321+0000] {spark_submit.py:403} INFO - Spark-Submit cmd: spark-submit --master spark://spark-master:7077 --name arrow-spark --deploy-mode client /opt/***/spark/spark_workflow.py
[2025-03-09T12:28:46.381+0000] {spark_submit.py:579} INFO - /home/***/.local/lib/python3.8/site-packages/pyspark/bin/load-spark-env.sh: line 68: ps: command not found
[2025-03-09T12:28:47.834+0000] {spark_submit.py:579} INFO - 25/03/09 12:28:47 INFO SparkContext: Running Spark version 3.5.5
[2025-03-09T12:28:47.835+0000] {spark_submit.py:579} INFO - 25/03/09 12:28:47 INFO SparkContext: OS info Linux, 6.10.11-linuxkit, aarch64
[2025-03-09T12:28:47.836+0000] {spark_submit.py:579} INFO - 25/03/09 12:28:47 INFO SparkContext: Java version 11.0.26
[2025-03-09T12:28:47.866+0000] {spark_submit.py:579} INFO - 25/03/09 12:28:47 WARN NativeCodeLoader: Unable to load native-hadoop library for your platform... using builtin-java classes where applicable
[2025-03-09T12:28:47.904+0000] {spark_submit.py:579} INFO - 25/03/09 12:28:47 INFO ResourceUtils: ==============================================================
[2025-03-09T12:28:47.904+0000] {spark_submit.py:579} INFO - 25/03/09 12:28:47 INFO ResourceUtils: No custom resources configured for spark.driver.
[2025-03-09T12:28:47.905+0000] {spark_submit.py:579} INFO - 25/03/09 12:28:47 INFO ResourceUtils: ==============================================================
[2025-03-09T12:28:47.905+0000] {spark_submit.py:579} INFO - 25/03/09 12:28:47 INFO SparkContext: Submitted application: RandomDataExample
[2025-03-09T12:28:47.913+0000] {spark_submit.py:579} INFO - 25/03/09 12:28:47 INFO ResourceProfile: Default ResourceProfile created, executor resources: Map(memory -> name: memory, amount: 4096, script: , vendor: , offHeap -> name: offHeap, amount: 0, script: , vendor: ), task resources: Map(cpus -> name: cpus, amount: 1.0)
[2025-03-09T12:28:47.918+0000] {spark_submit.py:579} INFO - 25/03/09 12:28:47 INFO ResourceProfile: Limiting resource is cpu
[2025-03-09T12:28:47.918+0000] {spark_submit.py:579} INFO - 25/03/09 12:28:47 INFO ResourceProfileManager: Added ResourceProfile id: 0
[2025-03-09T12:28:47.939+0000] {spark_submit.py:579} INFO - 25/03/09 12:28:47 INFO SecurityManager: Changing view acls to: ***
[2025-03-09T12:28:47.939+0000] {spark_submit.py:579} INFO - 25/03/09 12:28:47 INFO SecurityManager: Changing modify acls to: ***
[2025-03-09T12:28:47.940+0000] {spark_submit.py:579} INFO - 25/03/09 12:28:47 INFO SecurityManager: Changing view acls groups to:
[2025-03-09T12:28:47.940+0000] {spark_submit.py:579} INFO - 25/03/09 12:28:47 INFO SecurityManager: Changing modify acls groups to:
[2025-03-09T12:28:47.940+0000] {spark_submit.py:579} INFO - 25/03/09 12:28:47 INFO SecurityManager: SecurityManager: authentication disabled; ui acls disabled; users with view permissions: ***; groups with view permissions: EMPTY; users with modify permissions: ***; groups with modify permissions: EMPTY
[2025-03-09T12:28:48.097+0000] {spark_submit.py:579} INFO - 25/03/09 12:28:48 INFO Utils: Successfully started service 'sparkDriver' on port 40123.
[2025-03-09T12:28:48.111+0000] {spark_submit.py:579} INFO - 25/03/09 12:28:48 INFO SparkEnv: Registering MapOutputTracker
[2025-03-09T12:28:48.127+0000] {spark_submit.py:579} INFO - 25/03/09 12:28:48 INFO SparkEnv: Registering BlockManagerMaster
[2025-03-09T12:28:48.136+0000] {spark_submit.py:579} INFO - 25/03/09 12:28:48 INFO BlockManagerMasterEndpoint: Using org.apache.spark.storage.DefaultTopologyMapper for getting topology information
[2025-03-09T12:28:48.137+0000] {spark_submit.py:579} INFO - 25/03/09 12:28:48 INFO BlockManagerMasterEndpoint: BlockManagerMasterEndpoint up
[2025-03-09T12:28:48.139+0000] {spark_submit.py:579} INFO - 25/03/09 12:28:48 INFO SparkEnv: Registering BlockManagerMasterHeartbeat
[2025-03-09T12:28:48.150+0000] {spark_submit.py:579} INFO - 25/03/09 12:28:48 INFO DiskBlockManager: Created local directory at /tmp/blockmgr-818f37f5-341d-4297-b8d6-437adf4cd528
[2025-03-09T12:28:48.157+0000] {spark_submit.py:579} INFO - 25/03/09 12:28:48 INFO MemoryStore: MemoryStore started with capacity 434.4 MiB
[2025-03-09T12:28:48.164+0000] {spark_submit.py:579} INFO - 25/03/09 12:28:48 INFO SparkEnv: Registering OutputCommitCoordinator
[2025-03-09T12:28:48.221+0000] {spark_submit.py:579} INFO - 25/03/09 12:28:48 INFO JettyUtils: Start Jetty 0.0.0.0:4040 for SparkUI
[2025-03-09T12:28:48.256+0000] {spark_submit.py:579} INFO - 25/03/09 12:28:48 INFO Utils: Successfully started service 'SparkUI' on port 4040.
[2025-03-09T12:28:48.318+0000] {spark_submit.py:579} INFO - 25/03/09 12:28:48 INFO StandaloneAppClient$ClientEndpoint: Connecting to master spark://spark-master:7077...
[2025-03-09T12:28:48.348+0000] {spark_submit.py:579} INFO - 25/03/09 12:28:48 INFO TransportClientFactory: Successfully created connection to spark-master/172.18.0.3:7077 after 16 ms (0 ms spent in bootstraps)
[2025-03-09T12:28:48.489+0000] {spark_submit.py:579} INFO - 25/03/09 12:28:48 INFO StandaloneSchedulerBackend: Connected to Spark cluster with app ID app-20250309122848-0001
[2025-03-09T12:28:48.496+0000] {spark_submit.py:579} INFO - 25/03/09 12:28:48 INFO Utils: Successfully started service 'org.apache.spark.network.netty.NettyBlockTransferService' on port 42641.
[2025-03-09T12:28:48.499+0000] {spark_submit.py:579} INFO - 25/03/09 12:28:48 INFO NettyBlockTransferService: Server created on b9ca2d8b50b2:42641
[2025-03-09T12:28:48.500+0000] {spark_submit.py:579} INFO - 25/03/09 12:28:48 INFO BlockManager: Using org.apache.spark.storage.RandomBlockReplicationPolicy for block replication policy
[2025-03-09T12:28:48.501+0000] {spark_submit.py:579} INFO - 25/03/09 12:28:48 INFO BlockManagerMaster: Registering BlockManager BlockManagerId(driver, b9ca2d8b50b2, 42641, None)
[2025-03-09T12:28:48.503+0000] {spark_submit.py:579} INFO - 25/03/09 12:28:48 INFO BlockManagerMasterEndpoint: Registering block manager b9ca2d8b50b2:42641 with 434.4 MiB RAM, BlockManagerId(driver, b9ca2d8b50b2, 42641, None)
[2025-03-09T12:28:48.505+0000] {spark_submit.py:579} INFO - 25/03/09 12:28:48 INFO BlockManagerMaster: Registered BlockManager BlockManagerId(driver, b9ca2d8b50b2, 42641, None)
[2025-03-09T12:28:48.505+0000] {spark_submit.py:579} INFO - 25/03/09 12:28:48 INFO BlockManager: Initialized BlockManager: BlockManagerId(driver, b9ca2d8b50b2, 42641, None)
[2025-03-09T12:28:48.683+0000] {spark_submit.py:579} INFO - 25/03/09 12:28:48 INFO StandaloneSchedulerBackend: SchedulerBackend is ready for scheduling beginning after reached minRegisteredResourcesRatio: 0.0
[2025-03-09T12:28:49.690+0000] {spark_submit.py:579} INFO - 25/03/09 12:28:49 INFO SharedState: Setting hive.metastore.warehouse.dir ('null') to the value of spark.sql.warehouse.dir.
[2025-03-09T12:28:49.696+0000] {spark_submit.py:579} INFO - 25/03/09 12:28:49 INFO SharedState: Warehouse path is 'file:/opt/***/spark-warehouse'.
[2025-03-09T12:28:50.765+0000] {spark_submit.py:579} INFO - 25/03/09 12:28:50 INFO CodeGenerator: Code generated in 129.258583 ms
[2025-03-09T12:28:50.781+0000] {spark_submit.py:579} INFO - 25/03/09 12:28:50 INFO SparkContext: Starting job: showString at NativeMethodAccessorImpl.java:0
[2025-03-09T12:28:50.787+0000] {spark_submit.py:579} INFO - 25/03/09 12:28:50 INFO DAGScheduler: Got job 0 (showString at NativeMethodAccessorImpl.java:0) with 1 output partitions
[2025-03-09T12:28:50.788+0000] {spark_submit.py:579} INFO - 25/03/09 12:28:50 INFO DAGScheduler: Final stage: ResultStage 0 (showString at NativeMethodAccessorImpl.java:0)
[2025-03-09T12:28:50.788+0000] {spark_submit.py:579} INFO - 25/03/09 12:28:50 INFO DAGScheduler: Parents of final stage: List()
[2025-03-09T12:28:50.789+0000] {spark_submit.py:579} INFO - 25/03/09 12:28:50 INFO DAGScheduler: Missing parents: List()
[2025-03-09T12:28:50.791+0000] {spark_submit.py:579} INFO - 25/03/09 12:28:50 INFO DAGScheduler: Submitting ResultStage 0 (MapPartitionsRDD[6] at showString at NativeMethodAccessorImpl.java:0), which has no missing parents
[2025-03-09T12:28:50.832+0000] {spark_submit.py:579} INFO - 25/03/09 12:28:50 INFO MemoryStore: Block broadcast_0 stored as values in memory (estimated size 12.5 KiB, free 434.4 MiB)
[2025-03-09T12:28:50.849+0000] {spark_submit.py:579} INFO - 25/03/09 12:28:50 INFO MemoryStore: Block broadcast_0_piece0 stored as bytes in memory (estimated size 6.6 KiB, free 434.4 MiB)
[2025-03-09T12:28:50.850+0000] {spark_submit.py:579} INFO - 25/03/09 12:28:50 INFO BlockManagerInfo: Added broadcast_0_piece0 in memory on b9ca2d8b50b2:42641 (size: 6.6 KiB, free: 434.4 MiB)
[2025-03-09T12:28:50.852+0000] {spark_submit.py:579} INFO - 25/03/09 12:28:50 INFO SparkContext: Created broadcast 0 from broadcast at DAGScheduler.scala:1585
[2025-03-09T12:28:50.860+0000] {spark_submit.py:579} INFO - 25/03/09 12:28:50 INFO DAGScheduler: Submitting 1 missing tasks from ResultStage 0 (MapPartitionsRDD[6] at showString at NativeMethodAccessorImpl.java:0) (first 15 tasks are for partitions Vector(0))
[2025-03-09T12:28:50.861+0000] {spark_submit.py:579} INFO - 25/03/09 12:28:50 INFO TaskSchedulerImpl: Adding task set 0.0 with 1 tasks resource profile 0
[2025-03-09T12:28:52.690+0000] {spark_submit.py:579} INFO - 25/03/09 12:28:52 INFO StandaloneAppClient$ClientEndpoint: Executor added: app-20250309122848-0001/0 on worker-20250309122701-172.18.0.4-34697 (172.18.0.4:34697) with 2 core(s)
[2025-03-09T12:28:52.691+0000] {spark_submit.py:579} INFO - 25/03/09 12:28:52 INFO StandaloneSchedulerBackend: Granted executor ID app-20250309122848-0001/0 on hostPort 172.18.0.4:34697 with 2 core(s), 4.0 GiB RAM
[2025-03-09T12:28:52.721+0000] {spark_submit.py:579} INFO - 25/03/09 12:28:52 INFO StandaloneAppClient$ClientEndpoint: Executor updated: app-20250309122848-0001/0 is now RUNNING
[2025-03-09T12:28:53.681+0000] {spark_submit.py:579} INFO - 25/03/09 12:28:53 INFO StandaloneSchedulerBackend$StandaloneDriverEndpoint: Registered executor NettyRpcEndpointRef(spark-client://Executor) (172.18.0.4:51314) with ID 0,  ResourceProfileId 0
[2025-03-09T12:28:53.713+0000] {spark_submit.py:579} INFO - 25/03/09 12:28:53 INFO BlockManagerMasterEndpoint: Registering block manager 172.18.0.4:33307 with 2.2 GiB RAM, BlockManagerId(0, 172.18.0.4, 33307, None)
[2025-03-09T12:28:53.742+0000] {spark_submit.py:579} INFO - 25/03/09 12:28:53 INFO TaskSetManager: Starting task 0.0 in stage 0.0 (TID 0) (172.18.0.4, executor 0, partition 0, PROCESS_LOCAL, 9659 bytes)
[2025-03-09T12:28:53.845+0000] {spark_submit.py:579} INFO - 25/03/09 12:28:53 INFO BlockManagerInfo: Added broadcast_0_piece0 in memory on 172.18.0.4:33307 (size: 6.6 KiB, free: 2.2 GiB)
[2025-03-09T12:28:54.386+0000] {spark_submit.py:579} INFO - 25/03/09 12:28:54 INFO TaskSetManager: Finished task 0.0 in stage 0.0 (TID 0) in 650 ms on 172.18.0.4 (executor 0) (1/1)
[2025-03-09T12:28:54.386+0000] {spark_submit.py:579} INFO - 25/03/09 12:28:54 INFO TaskSchedulerImpl: Removed TaskSet 0.0, whose tasks have all completed, from pool
[2025-03-09T12:28:54.389+0000] {spark_submit.py:579} INFO - 25/03/09 12:28:54 INFO PythonAccumulatorV2: Connected to AccumulatorServer at host: 127.0.0.1 port: 35223
[2025-03-09T12:28:54.390+0000] {spark_submit.py:579} INFO - 25/03/09 12:28:54 INFO DAGScheduler: ResultStage 0 (showString at NativeMethodAccessorImpl.java:0) finished in 3.594 s
[2025-03-09T12:28:54.393+0000] {spark_submit.py:579} INFO - 25/03/09 12:28:54 INFO DAGScheduler: Job 0 is finished. Cancelling potential speculative or zombie tasks for this job
[2025-03-09T12:28:54.394+0000] {spark_submit.py:579} INFO - 25/03/09 12:28:54 INFO TaskSchedulerImpl: Killing all running tasks in stage 0: Stage finished
[2025-03-09T12:28:54.394+0000] {spark_submit.py:579} INFO - 25/03/09 12:28:54 INFO DAGScheduler: Job 0 finished: showString at NativeMethodAccessorImpl.java:0, took 3.611444 s
[2025-03-09T12:28:54.536+0000] {spark_submit.py:579} INFO - 25/03/09 12:28:54 INFO BlockManagerInfo: Removed broadcast_0_piece0 on b9ca2d8b50b2:42641 in memory (size: 6.6 KiB, free: 434.4 MiB)
[2025-03-09T12:28:54.537+0000] {spark_submit.py:579} INFO - 25/03/09 12:28:54 INFO BlockManagerInfo: Removed broadcast_0_piece0 on 172.18.0.4:33307 in memory (size: 6.6 KiB, free: 2.2 GiB)
[2025-03-09T12:28:54.784+0000] {spark_submit.py:579} INFO - 25/03/09 12:28:54 INFO CodeGenerator: Code generated in 7.282833 ms
[2025-03-09T12:28:54.789+0000] {spark_submit.py:579} INFO - +---+----------+
[2025-03-09T12:28:54.789+0000] {spark_submit.py:579} INFO - | id|     value|
[2025-03-09T12:28:54.789+0000] {spark_submit.py:579} INFO - +---+----------+
[2025-03-09T12:28:54.789+0000] {spark_submit.py:579} INFO - |  0|0.54228276|
[2025-03-09T12:28:54.789+0000] {spark_submit.py:579} INFO - |  1| 0.6417603|
[2025-03-09T12:28:54.789+0000] {spark_submit.py:579} INFO - |  2| 0.2863589|
[2025-03-09T12:28:54.789+0000] {spark_submit.py:579} INFO - |  3| 0.5392685|
[2025-03-09T12:28:54.790+0000] {spark_submit.py:579} INFO - |  4|0.64208525|
[2025-03-09T12:28:54.790+0000] {spark_submit.py:579} INFO - |  5|0.45947596|
[2025-03-09T12:28:54.790+0000] {spark_submit.py:579} INFO - |  6| 0.9773525|
[2025-03-09T12:28:54.790+0000] {spark_submit.py:579} INFO - |  7|0.13919838|
[2025-03-09T12:28:54.790+0000] {spark_submit.py:579} INFO - |  8|0.83262885|
[2025-03-09T12:28:54.790+0000] {spark_submit.py:579} INFO - |  9|0.57500094|
[2025-03-09T12:28:54.790+0000] {spark_submit.py:579} INFO - +---+----------+
[2025-03-09T12:28:54.790+0000] {spark_submit.py:579} INFO - only showing top 10 rows
[2025-03-09T12:28:54.790+0000] {spark_submit.py:579} INFO - 
[2025-03-09T12:28:54.790+0000] {spark_submit.py:579} INFO - Первые 10 строк данных:  None
[2025-03-09T12:28:54.947+0000] {spark_submit.py:579} INFO - 25/03/09 12:28:54 INFO CodeGenerator: Code generated in 26.327084 ms
[2025-03-09T12:28:54.973+0000] {spark_submit.py:579} INFO - 25/03/09 12:28:54 INFO DAGScheduler: Registering RDD 8 (showString at NativeMethodAccessorImpl.java:0) as input to shuffle 0
[2025-03-09T12:28:54.974+0000] {spark_submit.py:579} INFO - 25/03/09 12:28:54 INFO DAGScheduler: Got map stage job 1 (showString at NativeMethodAccessorImpl.java:0) with 2 output partitions
[2025-03-09T12:28:54.975+0000] {spark_submit.py:579} INFO - 25/03/09 12:28:54 INFO DAGScheduler: Final stage: ShuffleMapStage 1 (showString at NativeMethodAccessorImpl.java:0)
[2025-03-09T12:28:54.975+0000] {spark_submit.py:579} INFO - 25/03/09 12:28:54 INFO DAGScheduler: Parents of final stage: List()
[2025-03-09T12:28:54.975+0000] {spark_submit.py:579} INFO - 25/03/09 12:28:54 INFO DAGScheduler: Missing parents: List()
[2025-03-09T12:28:54.977+0000] {spark_submit.py:579} INFO - 25/03/09 12:28:54 INFO DAGScheduler: Submitting ShuffleMapStage 1 (MapPartitionsRDD[8] at showString at NativeMethodAccessorImpl.java:0), which has no missing parents
[2025-03-09T12:28:54.984+0000] {spark_submit.py:579} INFO - 25/03/09 12:28:54 INFO MemoryStore: Block broadcast_1 stored as values in memory (estimated size 37.6 KiB, free 434.4 MiB)
[2025-03-09T12:28:54.985+0000] {spark_submit.py:579} INFO - 25/03/09 12:28:54 INFO MemoryStore: Block broadcast_1_piece0 stored as bytes in memory (estimated size 18.0 KiB, free 434.3 MiB)
[2025-03-09T12:28:54.985+0000] {spark_submit.py:579} INFO - 25/03/09 12:28:54 INFO BlockManagerInfo: Added broadcast_1_piece0 in memory on b9ca2d8b50b2:42641 (size: 18.0 KiB, free: 434.4 MiB)
[2025-03-09T12:28:54.985+0000] {spark_submit.py:579} INFO - 25/03/09 12:28:54 INFO SparkContext: Created broadcast 1 from broadcast at DAGScheduler.scala:1585
[2025-03-09T12:28:54.986+0000] {spark_submit.py:579} INFO - 25/03/09 12:28:54 INFO DAGScheduler: Submitting 2 missing tasks from ShuffleMapStage 1 (MapPartitionsRDD[8] at showString at NativeMethodAccessorImpl.java:0) (first 15 tasks are for partitions Vector(0, 1))
[2025-03-09T12:28:54.986+0000] {spark_submit.py:579} INFO - 25/03/09 12:28:54 INFO TaskSchedulerImpl: Adding task set 1.0 with 2 tasks resource profile 0
[2025-03-09T12:28:54.987+0000] {spark_submit.py:579} INFO - 25/03/09 12:28:54 INFO TaskSetManager: Starting task 0.0 in stage 1.0 (TID 1) (172.18.0.4, executor 0, partition 0, PROCESS_LOCAL, 9648 bytes)
[2025-03-09T12:28:54.988+0000] {spark_submit.py:579} INFO - 25/03/09 12:28:54 INFO TaskSetManager: Starting task 1.0 in stage 1.0 (TID 2) (172.18.0.4, executor 0, partition 1, PROCESS_LOCAL, 9648 bytes)
[2025-03-09T12:28:54.998+0000] {spark_submit.py:579} INFO - 25/03/09 12:28:54 INFO BlockManagerInfo: Added broadcast_1_piece0 in memory on 172.18.0.4:33307 (size: 18.0 KiB, free: 2.2 GiB)
[2025-03-09T12:28:55.252+0000] {spark_submit.py:579} INFO - 25/03/09 12:28:55 INFO TaskSetManager: Finished task 1.0 in stage 1.0 (TID 2) in 265 ms on 172.18.0.4 (executor 0) (1/2)
[2025-03-09T12:28:55.252+0000] {spark_submit.py:579} INFO - 25/03/09 12:28:55 INFO TaskSetManager: Finished task 0.0 in stage 1.0 (TID 1) in 265 ms on 172.18.0.4 (executor 0) (2/2)
[2025-03-09T12:28:55.253+0000] {spark_submit.py:579} INFO - 25/03/09 12:28:55 INFO TaskSchedulerImpl: Removed TaskSet 1.0, whose tasks have all completed, from pool
[2025-03-09T12:28:55.254+0000] {spark_submit.py:579} INFO - 25/03/09 12:28:55 INFO DAGScheduler: ShuffleMapStage 1 (showString at NativeMethodAccessorImpl.java:0) finished in 0.276 s
[2025-03-09T12:28:55.255+0000] {spark_submit.py:579} INFO - 25/03/09 12:28:55 INFO DAGScheduler: looking for newly runnable stages
[2025-03-09T12:28:55.255+0000] {spark_submit.py:579} INFO - 25/03/09 12:28:55 INFO DAGScheduler: running: Set()
[2025-03-09T12:28:55.256+0000] {spark_submit.py:579} INFO - 25/03/09 12:28:55 INFO DAGScheduler: waiting: Set()
[2025-03-09T12:28:55.256+0000] {spark_submit.py:579} INFO - 25/03/09 12:28:55 INFO DAGScheduler: failed: Set()
[2025-03-09T12:28:55.266+0000] {spark_submit.py:579} INFO - 25/03/09 12:28:55 INFO ShufflePartitionsUtil: For shuffle(0), advisory target size: 67108864, actual target size 1048576, minimum partition size: 1048576
[2025-03-09T12:28:55.274+0000] {spark_submit.py:579} INFO - 25/03/09 12:28:55 INFO HashAggregateExec: spark.sql.codegen.aggregate.map.twolevel.enabled is set to true, but current version of codegened fast hashmap does not support this aggregate.
[2025-03-09T12:28:55.286+0000] {spark_submit.py:579} INFO - 25/03/09 12:28:55 INFO CodeGenerator: Code generated in 8.635375 ms
[2025-03-09T12:28:55.298+0000] {spark_submit.py:579} INFO - 25/03/09 12:28:55 INFO SparkContext: Starting job: showString at NativeMethodAccessorImpl.java:0
[2025-03-09T12:28:55.299+0000] {spark_submit.py:579} INFO - 25/03/09 12:28:55 INFO DAGScheduler: Got job 2 (showString at NativeMethodAccessorImpl.java:0) with 1 output partitions
[2025-03-09T12:28:55.299+0000] {spark_submit.py:579} INFO - 25/03/09 12:28:55 INFO DAGScheduler: Final stage: ResultStage 3 (showString at NativeMethodAccessorImpl.java:0)
[2025-03-09T12:28:55.299+0000] {spark_submit.py:579} INFO - 25/03/09 12:28:55 INFO DAGScheduler: Parents of final stage: List(ShuffleMapStage 2)
[2025-03-09T12:28:55.299+0000] {spark_submit.py:579} INFO - 25/03/09 12:28:55 INFO DAGScheduler: Missing parents: List()
[2025-03-09T12:28:55.300+0000] {spark_submit.py:579} INFO - 25/03/09 12:28:55 INFO DAGScheduler: Submitting ResultStage 3 (MapPartitionsRDD[11] at showString at NativeMethodAccessorImpl.java:0), which has no missing parents
[2025-03-09T12:28:55.305+0000] {spark_submit.py:579} INFO - 25/03/09 12:28:55 INFO MemoryStore: Block broadcast_2 stored as values in memory (estimated size 39.6 KiB, free 434.3 MiB)
[2025-03-09T12:28:55.306+0000] {spark_submit.py:579} INFO - 25/03/09 12:28:55 INFO MemoryStore: Block broadcast_2_piece0 stored as bytes in memory (estimated size 19.2 KiB, free 434.3 MiB)
[2025-03-09T12:28:55.306+0000] {spark_submit.py:579} INFO - 25/03/09 12:28:55 INFO BlockManagerInfo: Added broadcast_2_piece0 in memory on b9ca2d8b50b2:42641 (size: 19.2 KiB, free: 434.4 MiB)
[2025-03-09T12:28:55.306+0000] {spark_submit.py:579} INFO - 25/03/09 12:28:55 INFO SparkContext: Created broadcast 2 from broadcast at DAGScheduler.scala:1585
[2025-03-09T12:28:55.307+0000] {spark_submit.py:579} INFO - 25/03/09 12:28:55 INFO DAGScheduler: Submitting 1 missing tasks from ResultStage 3 (MapPartitionsRDD[11] at showString at NativeMethodAccessorImpl.java:0) (first 15 tasks are for partitions Vector(0))
[2025-03-09T12:28:55.307+0000] {spark_submit.py:579} INFO - 25/03/09 12:28:55 INFO TaskSchedulerImpl: Adding task set 3.0 with 1 tasks resource profile 0
[2025-03-09T12:28:55.309+0000] {spark_submit.py:579} INFO - 25/03/09 12:28:55 INFO TaskSetManager: Starting task 0.0 in stage 3.0 (TID 3) (172.18.0.4, executor 0, partition 0, NODE_LOCAL, 9003 bytes)
[2025-03-09T12:28:55.318+0000] {spark_submit.py:579} INFO - 25/03/09 12:28:55 INFO BlockManagerInfo: Added broadcast_2_piece0 in memory on 172.18.0.4:33307 (size: 19.2 KiB, free: 2.2 GiB)
[2025-03-09T12:28:55.338+0000] {spark_submit.py:579} INFO - 25/03/09 12:28:55 INFO MapOutputTrackerMasterEndpoint: Asked to send map output locations for shuffle 0 to 172.18.0.4:51314
[2025-03-09T12:28:55.388+0000] {spark_submit.py:579} INFO - 25/03/09 12:28:55 INFO TaskSetManager: Finished task 0.0 in stage 3.0 (TID 3) in 79 ms on 172.18.0.4 (executor 0) (1/1)
[2025-03-09T12:28:55.388+0000] {spark_submit.py:579} INFO - 25/03/09 12:28:55 INFO TaskSchedulerImpl: Removed TaskSet 3.0, whose tasks have all completed, from pool
[2025-03-09T12:28:55.389+0000] {spark_submit.py:579} INFO - 25/03/09 12:28:55 INFO DAGScheduler: ResultStage 3 (showString at NativeMethodAccessorImpl.java:0) finished in 0.084 s
[2025-03-09T12:28:55.389+0000] {spark_submit.py:579} INFO - 25/03/09 12:28:55 INFO DAGScheduler: Job 2 is finished. Cancelling potential speculative or zombie tasks for this job
[2025-03-09T12:28:55.389+0000] {spark_submit.py:579} INFO - 25/03/09 12:28:55 INFO TaskSchedulerImpl: Killing all running tasks in stage 3: Stage finished
[2025-03-09T12:28:55.389+0000] {spark_submit.py:579} INFO - 25/03/09 12:28:55 INFO DAGScheduler: Job 2 finished: showString at NativeMethodAccessorImpl.java:0, took 0.091218 s
[2025-03-09T12:28:55.393+0000] {spark_submit.py:579} INFO - +----------+-----+
[2025-03-09T12:28:55.393+0000] {spark_submit.py:579} INFO - |     value|count|
[2025-03-09T12:28:55.396+0000] {spark_submit.py:579} INFO - +----------+-----+
[2025-03-09T12:28:55.396+0000] {spark_submit.py:579} INFO - |0.74970615|    1|
[2025-03-09T12:28:55.397+0000] {spark_submit.py:579} INFO - |0.88816535|    1|
[2025-03-09T12:28:55.397+0000] {spark_submit.py:579} INFO - |0.99022317|    1|
[2025-03-09T12:28:55.397+0000] {spark_submit.py:579} INFO - |0.59990203|    1|
[2025-03-09T12:28:55.397+0000] {spark_submit.py:579} INFO - |0.98091936|    1|
[2025-03-09T12:28:55.397+0000] {spark_submit.py:579} INFO - | 0.6395853|    1|
[2025-03-09T12:28:55.398+0000] {spark_submit.py:579} INFO - |0.83262885|    1|
[2025-03-09T12:28:55.398+0000] {spark_submit.py:579} INFO - |0.91276526|    1|
[2025-03-09T12:28:55.398+0000] {spark_submit.py:579} INFO - | 0.5259119|    1|
[2025-03-09T12:28:55.398+0000] {spark_submit.py:579} INFO - | 0.6417603|    1|
[2025-03-09T12:28:55.398+0000] {spark_submit.py:579} INFO - +----------+-----+
[2025-03-09T12:28:55.398+0000] {spark_submit.py:579} INFO - only showing top 10 rows
[2025-03-09T12:28:55.398+0000] {spark_submit.py:579} INFO - 
[2025-03-09T12:28:55.398+0000] {spark_submit.py:579} INFO - Первые 10 строк данных:  None
[2025-03-09T12:28:55.398+0000] {spark_submit.py:579} INFO - 25/03/09 12:28:55 INFO SparkContext: SparkContext is stopping with exitCode 0.
[2025-03-09T12:28:55.404+0000] {spark_submit.py:579} INFO - 25/03/09 12:28:55 INFO SparkUI: Stopped Spark web UI at http://b9ca2d8b50b2:4040
[2025-03-09T12:28:55.406+0000] {spark_submit.py:579} INFO - 25/03/09 12:28:55 INFO StandaloneSchedulerBackend: Shutting down all executors
[2025-03-09T12:28:55.407+0000] {spark_submit.py:579} INFO - 25/03/09 12:28:55 INFO StandaloneSchedulerBackend$StandaloneDriverEndpoint: Asking each executor to shut down
[2025-03-09T12:28:55.422+0000] {spark_submit.py:579} INFO - 25/03/09 12:28:55 INFO MapOutputTrackerMasterEndpoint: MapOutputTrackerMasterEndpoint stopped!
[2025-03-09T12:28:55.432+0000] {spark_submit.py:579} INFO - 25/03/09 12:28:55 INFO MemoryStore: MemoryStore cleared
[2025-03-09T12:28:55.433+0000] {spark_submit.py:579} INFO - 25/03/09 12:28:55 INFO BlockManager: BlockManager stopped
[2025-03-09T12:28:55.435+0000] {spark_submit.py:579} INFO - 25/03/09 12:28:55 INFO BlockManagerMaster: BlockManagerMaster stopped
[2025-03-09T12:28:55.436+0000] {spark_submit.py:579} INFO - 25/03/09 12:28:55 INFO OutputCommitCoordinator$OutputCommitCoordinatorEndpoint: OutputCommitCoordinator stopped!
[2025-03-09T12:28:55.440+0000] {spark_submit.py:579} INFO - 25/03/09 12:28:55 INFO SparkContext: Successfully stopped SparkContext
[2025-03-09T12:28:56.450+0000] {spark_submit.py:579} INFO - 25/03/09 12:28:56 INFO ShutdownHookManager: Shutdown hook called
[2025-03-09T12:28:56.451+0000] {spark_submit.py:579} INFO - 25/03/09 12:28:56 INFO ShutdownHookManager: Deleting directory /tmp/spark-ff74c59b-c75f-4aff-855b-0904e1f9fce2
[2025-03-09T12:28:56.452+0000] {spark_submit.py:579} INFO - 25/03/09 12:28:56 INFO ShutdownHookManager: Deleting directory /tmp/spark-d1545d36-4d9a-41d3-91eb-eb14e8716418
[2025-03-09T12:28:56.454+0000] {spark_submit.py:579} INFO - 25/03/09 12:28:56 INFO ShutdownHookManager: Deleting directory /tmp/spark-d1545d36-4d9a-41d3-91eb-eb14e8716418/pyspark-04efb320-1c8b-4305-89e0-3b1d804935e2
[2025-03-09T12:28:56.484+0000] {taskinstance.py:341} INFO - ::group::Post task execution logs
[2025-03-09T12:28:56.485+0000] {taskinstance.py:353} INFO - Marking task as SUCCESS. dag_id=SparkDag, task_id=Spark_Task_1, run_id=manual__2025-03-09T12:28:44.835972+00:00, execution_date=20250309T122844, start_date=20250309T122846, end_date=20250309T122856
[2025-03-09T12:28:56.503+0000] {local_task_job_runner.py:266} INFO - Task exited with return code 0
[2025-03-09T12:28:56.583+0000] {taskinstance.py:3901} INFO - 1 downstream tasks scheduled from follow-on schedule check
[2025-03-09T12:28:56.585+0000] {local_task_job_runner.py:245} INFO - ::endgroup::
