[2025-03-09T18:06:32.883+0000] {local_task_job_runner.py:123} INFO - ::group::Pre task execution logs
[2025-03-09T18:06:32.889+0000] {taskinstance.py:2614} INFO - Dependencies all met for dep_context=non-requeueable deps ti=<TaskInstance: SparkDags.Spark_Task_1 manual__2025-03-09T18:06:32.327166+00:00 [queued]>
[2025-03-09T18:06:32.892+0000] {taskinstance.py:2614} INFO - Dependencies all met for dep_context=requeueable deps ti=<TaskInstance: SparkDags.Spark_Task_1 manual__2025-03-09T18:06:32.327166+00:00 [queued]>
[2025-03-09T18:06:32.893+0000] {taskinstance.py:2867} INFO - Starting attempt 1 of 2
[2025-03-09T18:06:32.897+0000] {taskinstance.py:2890} INFO - Executing <Task(SparkSubmitOperator): Spark_Task_1> on 2025-03-09 18:06:32.327166+00:00
[2025-03-09T18:06:32.900+0000] {standard_task_runner.py:72} INFO - Started process 222 to run task
[2025-03-09T18:06:32.902+0000] {standard_task_runner.py:104} INFO - Running: ['***', 'tasks', 'run', 'SparkDags', 'Spark_Task_1', 'manual__2025-03-09T18:06:32.327166+00:00', '--job-id', '2', '--raw', '--subdir', 'DAGS_FOLDER/spark_job_example.py', '--cfg-path', '/tmp/tmpzm_nwegi']
[2025-03-09T18:06:32.903+0000] {standard_task_runner.py:105} INFO - Job 2: Subtask Spark_Task_1
[2025-03-09T18:06:32.921+0000] {task_command.py:467} INFO - Running <TaskInstance: SparkDags.Spark_Task_1 manual__2025-03-09T18:06:32.327166+00:00 [running]> on host ea9d07c912c6
[2025-03-09T18:06:33.055+0000] {taskinstance.py:3134} INFO - Exporting env vars: AIRFLOW_CTX_DAG_OWNER='***' AIRFLOW_CTX_DAG_ID='SparkDags' AIRFLOW_CTX_TASK_ID='Spark_Task_1' AIRFLOW_CTX_EXECUTION_DATE='2025-03-09T18:06:32.327166+00:00' AIRFLOW_CTX_TRY_NUMBER='1' AIRFLOW_CTX_DAG_RUN_ID='manual__2025-03-09T18:06:32.327166+00:00'
[2025-03-09T18:06:33.056+0000] {taskinstance.py:732} INFO - ::endgroup::
[2025-03-09T18:06:33.067+0000] {base.py:84} INFO - Retrieving connection 'spark_conn_id_1'
[2025-03-09T18:06:33.067+0000] {spark_submit.py:403} INFO - Spark-Submit cmd: spark-submit --master spark://spark-master:7077 --name arrow-spark --deploy-mode client /opt/***/spark/spark_workflow.py
[2025-03-09T18:06:33.134+0000] {spark_submit.py:579} INFO - /home/***/.local/lib/python3.8/site-packages/pyspark/bin/load-spark-env.sh: line 68: ps: command not found
[2025-03-09T18:06:34.588+0000] {spark_submit.py:579} INFO - 25/03/09 18:06:34 INFO SparkContext: Running Spark version 3.5.5
[2025-03-09T18:06:34.589+0000] {spark_submit.py:579} INFO - 25/03/09 18:06:34 INFO SparkContext: OS info Linux, 6.10.11-linuxkit, aarch64
[2025-03-09T18:06:34.589+0000] {spark_submit.py:579} INFO - 25/03/09 18:06:34 INFO SparkContext: Java version 11.0.26
[2025-03-09T18:06:34.617+0000] {spark_submit.py:579} INFO - 25/03/09 18:06:34 WARN NativeCodeLoader: Unable to load native-hadoop library for your platform... using builtin-java classes where applicable
[2025-03-09T18:06:34.654+0000] {spark_submit.py:579} INFO - 25/03/09 18:06:34 INFO ResourceUtils: ==============================================================
[2025-03-09T18:06:34.654+0000] {spark_submit.py:579} INFO - 25/03/09 18:06:34 INFO ResourceUtils: No custom resources configured for spark.driver.
[2025-03-09T18:06:34.654+0000] {spark_submit.py:579} INFO - 25/03/09 18:06:34 INFO ResourceUtils: ==============================================================
[2025-03-09T18:06:34.654+0000] {spark_submit.py:579} INFO - 25/03/09 18:06:34 INFO SparkContext: Submitted application: RandomDataExample
[2025-03-09T18:06:34.665+0000] {spark_submit.py:579} INFO - 25/03/09 18:06:34 INFO ResourceProfile: Default ResourceProfile created, executor resources: Map(memory -> name: memory, amount: 1024, script: , vendor: , offHeap -> name: offHeap, amount: 0, script: , vendor: ), task resources: Map(cpus -> name: cpus, amount: 1.0)
[2025-03-09T18:06:34.670+0000] {spark_submit.py:579} INFO - 25/03/09 18:06:34 INFO ResourceProfile: Limiting resource is cpu
[2025-03-09T18:06:34.671+0000] {spark_submit.py:579} INFO - 25/03/09 18:06:34 INFO ResourceProfileManager: Added ResourceProfile id: 0
[2025-03-09T18:06:34.696+0000] {spark_submit.py:579} INFO - 25/03/09 18:06:34 INFO SecurityManager: Changing view acls to: ***
[2025-03-09T18:06:34.696+0000] {spark_submit.py:579} INFO - 25/03/09 18:06:34 INFO SecurityManager: Changing modify acls to: ***
[2025-03-09T18:06:34.696+0000] {spark_submit.py:579} INFO - 25/03/09 18:06:34 INFO SecurityManager: Changing view acls groups to:
[2025-03-09T18:06:34.697+0000] {spark_submit.py:579} INFO - 25/03/09 18:06:34 INFO SecurityManager: Changing modify acls groups to:
[2025-03-09T18:06:34.697+0000] {spark_submit.py:579} INFO - 25/03/09 18:06:34 INFO SecurityManager: SecurityManager: authentication disabled; ui acls disabled; users with view permissions: ***; groups with view permissions: EMPTY; users with modify permissions: ***; groups with modify permissions: EMPTY
[2025-03-09T18:06:34.823+0000] {spark_submit.py:579} INFO - 25/03/09 18:06:34 INFO Utils: Successfully started service 'sparkDriver' on port 36921.
[2025-03-09T18:06:34.838+0000] {spark_submit.py:579} INFO - 25/03/09 18:06:34 INFO SparkEnv: Registering MapOutputTracker
[2025-03-09T18:06:34.856+0000] {spark_submit.py:579} INFO - 25/03/09 18:06:34 INFO SparkEnv: Registering BlockManagerMaster
[2025-03-09T18:06:34.865+0000] {spark_submit.py:579} INFO - 25/03/09 18:06:34 INFO BlockManagerMasterEndpoint: Using org.apache.spark.storage.DefaultTopologyMapper for getting topology information
[2025-03-09T18:06:34.865+0000] {spark_submit.py:579} INFO - 25/03/09 18:06:34 INFO BlockManagerMasterEndpoint: BlockManagerMasterEndpoint up
[2025-03-09T18:06:34.867+0000] {spark_submit.py:579} INFO - 25/03/09 18:06:34 INFO SparkEnv: Registering BlockManagerMasterHeartbeat
[2025-03-09T18:06:34.877+0000] {spark_submit.py:579} INFO - 25/03/09 18:06:34 INFO DiskBlockManager: Created local directory at /tmp/blockmgr-62241860-41c6-4ae3-820e-5815d6d85935
[2025-03-09T18:06:34.883+0000] {spark_submit.py:579} INFO - 25/03/09 18:06:34 INFO MemoryStore: MemoryStore started with capacity 434.4 MiB
[2025-03-09T18:06:34.888+0000] {spark_submit.py:579} INFO - 25/03/09 18:06:34 INFO SparkEnv: Registering OutputCommitCoordinator
[2025-03-09T18:06:34.950+0000] {spark_submit.py:579} INFO - 25/03/09 18:06:34 INFO JettyUtils: Start Jetty 0.0.0.0:4040 for SparkUI
[2025-03-09T18:06:34.975+0000] {spark_submit.py:579} INFO - 25/03/09 18:06:34 INFO Utils: Successfully started service 'SparkUI' on port 4040.
[2025-03-09T18:06:35.021+0000] {spark_submit.py:579} INFO - 25/03/09 18:06:35 INFO StandaloneAppClient$ClientEndpoint: Connecting to master spark://spark-master:7077...
[2025-03-09T18:06:35.045+0000] {spark_submit.py:579} INFO - 25/03/09 18:06:35 INFO TransportClientFactory: Successfully created connection to spark-master/172.18.0.2:7077 after 12 ms (0 ms spent in bootstraps)
[2025-03-09T18:06:35.153+0000] {spark_submit.py:579} INFO - 25/03/09 18:06:35 INFO StandaloneSchedulerBackend: Connected to Spark cluster with app ID app-20250309180635-0000
[2025-03-09T18:06:35.160+0000] {spark_submit.py:579} INFO - 25/03/09 18:06:35 INFO Utils: Successfully started service 'org.apache.spark.network.netty.NettyBlockTransferService' on port 40091.
[2025-03-09T18:06:35.160+0000] {spark_submit.py:579} INFO - 25/03/09 18:06:35 INFO NettyBlockTransferService: Server created on ea9d07c912c6:40091
[2025-03-09T18:06:35.161+0000] {spark_submit.py:579} INFO - 25/03/09 18:06:35 INFO BlockManager: Using org.apache.spark.storage.RandomBlockReplicationPolicy for block replication policy
[2025-03-09T18:06:35.166+0000] {spark_submit.py:579} INFO - 25/03/09 18:06:35 INFO BlockManagerMaster: Registering BlockManager BlockManagerId(driver, ea9d07c912c6, 40091, None)
[2025-03-09T18:06:35.168+0000] {spark_submit.py:579} INFO - 25/03/09 18:06:35 INFO BlockManagerMasterEndpoint: Registering block manager ea9d07c912c6:40091 with 434.4 MiB RAM, BlockManagerId(driver, ea9d07c912c6, 40091, None)
[2025-03-09T18:06:35.170+0000] {spark_submit.py:579} INFO - 25/03/09 18:06:35 INFO BlockManagerMaster: Registered BlockManager BlockManagerId(driver, ea9d07c912c6, 40091, None)
[2025-03-09T18:06:35.171+0000] {spark_submit.py:579} INFO - 25/03/09 18:06:35 INFO BlockManager: Initialized BlockManager: BlockManagerId(driver, ea9d07c912c6, 40091, None)
[2025-03-09T18:06:35.190+0000] {spark_submit.py:579} INFO - 25/03/09 18:06:35 INFO StandaloneAppClient$ClientEndpoint: Executor added: app-20250309180635-0000/0 on worker-20250309180441-172.18.0.4-34907 (172.18.0.4:34907) with 10 core(s)
[2025-03-09T18:06:35.191+0000] {spark_submit.py:579} INFO - 25/03/09 18:06:35 INFO StandaloneSchedulerBackend: Granted executor ID app-20250309180635-0000/0 on hostPort 172.18.0.4:34907 with 10 core(s), 1024.0 MiB RAM
[2025-03-09T18:06:35.319+0000] {spark_submit.py:579} INFO - 25/03/09 18:06:35 INFO StandaloneSchedulerBackend: SchedulerBackend is ready for scheduling beginning after reached minRegisteredResourcesRatio: 0.0
[2025-03-09T18:06:35.326+0000] {spark_submit.py:579} INFO - 25/03/09 18:06:35 INFO StandaloneAppClient$ClientEndpoint: Executor updated: app-20250309180635-0000/0 is now RUNNING
[2025-03-09T18:06:36.224+0000] {spark_submit.py:579} INFO - 25/03/09 18:06:36 INFO SharedState: Setting hive.metastore.warehouse.dir ('null') to the value of spark.sql.warehouse.dir.
[2025-03-09T18:06:36.232+0000] {spark_submit.py:579} INFO - 25/03/09 18:06:36 INFO SharedState: Warehouse path is 'file:/opt/***/spark-warehouse'.
[2025-03-09T18:06:36.529+0000] {spark_submit.py:579} INFO - 25/03/09 18:06:36 INFO StandaloneSchedulerBackend$StandaloneDriverEndpoint: Registered executor NettyRpcEndpointRef(spark-client://Executor) (172.18.0.4:42520) with ID 0,  ResourceProfileId 0
[2025-03-09T18:06:36.561+0000] {spark_submit.py:579} INFO - 25/03/09 18:06:36 INFO BlockManagerMasterEndpoint: Registering block manager 172.18.0.4:43897 with 434.4 MiB RAM, BlockManagerId(0, 172.18.0.4, 43897, None)
[2025-03-09T18:06:37.188+0000] {spark_submit.py:579} INFO - 25/03/09 18:06:37 INFO CodeGenerator: Code generated in 97.853291 ms
[2025-03-09T18:06:37.202+0000] {spark_submit.py:579} INFO - 25/03/09 18:06:37 INFO SparkContext: Starting job: showString at NativeMethodAccessorImpl.java:0
[2025-03-09T18:06:37.208+0000] {spark_submit.py:579} INFO - 25/03/09 18:06:37 INFO DAGScheduler: Got job 0 (showString at NativeMethodAccessorImpl.java:0) with 1 output partitions
[2025-03-09T18:06:37.208+0000] {spark_submit.py:579} INFO - 25/03/09 18:06:37 INFO DAGScheduler: Final stage: ResultStage 0 (showString at NativeMethodAccessorImpl.java:0)
[2025-03-09T18:06:37.208+0000] {spark_submit.py:579} INFO - 25/03/09 18:06:37 INFO DAGScheduler: Parents of final stage: List()
[2025-03-09T18:06:37.210+0000] {spark_submit.py:579} INFO - 25/03/09 18:06:37 INFO DAGScheduler: Missing parents: List()
[2025-03-09T18:06:37.211+0000] {spark_submit.py:579} INFO - 25/03/09 18:06:37 INFO DAGScheduler: Submitting ResultStage 0 (MapPartitionsRDD[6] at showString at NativeMethodAccessorImpl.java:0), which has no missing parents
[2025-03-09T18:06:37.247+0000] {spark_submit.py:579} INFO - 25/03/09 18:06:37 INFO MemoryStore: Block broadcast_0 stored as values in memory (estimated size 12.5 KiB, free 434.4 MiB)
[2025-03-09T18:06:37.265+0000] {spark_submit.py:579} INFO - 25/03/09 18:06:37 INFO MemoryStore: Block broadcast_0_piece0 stored as bytes in memory (estimated size 6.6 KiB, free 434.4 MiB)
[2025-03-09T18:06:37.266+0000] {spark_submit.py:579} INFO - 25/03/09 18:06:37 INFO BlockManagerInfo: Added broadcast_0_piece0 in memory on ea9d07c912c6:40091 (size: 6.6 KiB, free: 434.4 MiB)
[2025-03-09T18:06:37.267+0000] {spark_submit.py:579} INFO - 25/03/09 18:06:37 INFO SparkContext: Created broadcast 0 from broadcast at DAGScheduler.scala:1585
[2025-03-09T18:06:37.274+0000] {spark_submit.py:579} INFO - 25/03/09 18:06:37 INFO DAGScheduler: Submitting 1 missing tasks from ResultStage 0 (MapPartitionsRDD[6] at showString at NativeMethodAccessorImpl.java:0) (first 15 tasks are for partitions Vector(0))
[2025-03-09T18:06:37.275+0000] {spark_submit.py:579} INFO - 25/03/09 18:06:37 INFO TaskSchedulerImpl: Adding task set 0.0 with 1 tasks resource profile 0
[2025-03-09T18:06:37.287+0000] {spark_submit.py:579} INFO - 25/03/09 18:06:37 INFO TaskSetManager: Starting task 0.0 in stage 0.0 (TID 0) (172.18.0.4, executor 0, partition 0, PROCESS_LOCAL, 9659 bytes)
[2025-03-09T18:06:37.382+0000] {spark_submit.py:579} INFO - 25/03/09 18:06:37 INFO BlockManagerInfo: Added broadcast_0_piece0 in memory on 172.18.0.4:43897 (size: 6.6 KiB, free: 434.4 MiB)
[2025-03-09T18:06:37.936+0000] {spark_submit.py:579} INFO - 25/03/09 18:06:37 INFO TaskSetManager: Finished task 0.0 in stage 0.0 (TID 0) in 654 ms on 172.18.0.4 (executor 0) (1/1)
[2025-03-09T18:06:37.938+0000] {spark_submit.py:579} INFO - 25/03/09 18:06:37 INFO TaskSchedulerImpl: Removed TaskSet 0.0, whose tasks have all completed, from pool
[2025-03-09T18:06:37.940+0000] {spark_submit.py:579} INFO - 25/03/09 18:06:37 INFO PythonAccumulatorV2: Connected to AccumulatorServer at host: 127.0.0.1 port: 58293
[2025-03-09T18:06:37.941+0000] {spark_submit.py:579} INFO - 25/03/09 18:06:37 INFO DAGScheduler: ResultStage 0 (showString at NativeMethodAccessorImpl.java:0) finished in 0.725 s
[2025-03-09T18:06:37.943+0000] {spark_submit.py:579} INFO - 25/03/09 18:06:37 INFO DAGScheduler: Job 0 is finished. Cancelling potential speculative or zombie tasks for this job
[2025-03-09T18:06:37.943+0000] {spark_submit.py:579} INFO - 25/03/09 18:06:37 INFO TaskSchedulerImpl: Killing all running tasks in stage 0: Stage finished
[2025-03-09T18:06:37.943+0000] {spark_submit.py:579} INFO - 25/03/09 18:06:37 INFO DAGScheduler: Job 0 finished: showString at NativeMethodAccessorImpl.java:0, took 0.740998 s
[2025-03-09T18:06:38.083+0000] {spark_submit.py:579} INFO - 25/03/09 18:06:38 INFO BlockManagerInfo: Removed broadcast_0_piece0 on ea9d07c912c6:40091 in memory (size: 6.6 KiB, free: 434.4 MiB)
[2025-03-09T18:06:38.088+0000] {spark_submit.py:579} INFO - 25/03/09 18:06:38 INFO BlockManagerInfo: Removed broadcast_0_piece0 on 172.18.0.4:43897 in memory (size: 6.6 KiB, free: 434.4 MiB)
[2025-03-09T18:06:38.316+0000] {spark_submit.py:579} INFO - 25/03/09 18:06:38 INFO CodeGenerator: Code generated in 7.063583 ms
[2025-03-09T18:06:38.321+0000] {spark_submit.py:579} INFO - +---+----------+
[2025-03-09T18:06:38.322+0000] {spark_submit.py:579} INFO - | id|     value|
[2025-03-09T18:06:38.322+0000] {spark_submit.py:579} INFO - +---+----------+
[2025-03-09T18:06:38.322+0000] {spark_submit.py:579} INFO - |  0| 0.4530906|
[2025-03-09T18:06:38.322+0000] {spark_submit.py:579} INFO - |  1|0.61332494|
[2025-03-09T18:06:38.322+0000] {spark_submit.py:579} INFO - |  2|0.97549266|
[2025-03-09T18:06:38.322+0000] {spark_submit.py:579} INFO - |  3| 0.4234944|
[2025-03-09T18:06:38.322+0000] {spark_submit.py:579} INFO - |  4|0.30705595|
[2025-03-09T18:06:38.323+0000] {spark_submit.py:579} INFO - |  5| 0.9058662|
[2025-03-09T18:06:38.323+0000] {spark_submit.py:579} INFO - |  6| 0.9785571|
[2025-03-09T18:06:38.323+0000] {spark_submit.py:579} INFO - |  7|0.90308565|
[2025-03-09T18:06:38.323+0000] {spark_submit.py:579} INFO - |  8|0.19781283|
[2025-03-09T18:06:38.323+0000] {spark_submit.py:579} INFO - |  9|  0.968074|
[2025-03-09T18:06:38.323+0000] {spark_submit.py:579} INFO - +---+----------+
[2025-03-09T18:06:38.323+0000] {spark_submit.py:579} INFO - only showing top 10 rows
[2025-03-09T18:06:38.323+0000] {spark_submit.py:579} INFO - 
[2025-03-09T18:06:38.323+0000] {spark_submit.py:579} INFO - Первые 10 строк данных:  None
[2025-03-09T18:06:38.479+0000] {spark_submit.py:579} INFO - 25/03/09 18:06:38 INFO CodeGenerator: Code generated in 28.049583 ms
[2025-03-09T18:06:38.506+0000] {spark_submit.py:579} INFO - 25/03/09 18:06:38 INFO DAGScheduler: Registering RDD 8 (showString at NativeMethodAccessorImpl.java:0) as input to shuffle 0
[2025-03-09T18:06:38.507+0000] {spark_submit.py:579} INFO - 25/03/09 18:06:38 INFO DAGScheduler: Got map stage job 1 (showString at NativeMethodAccessorImpl.java:0) with 2 output partitions
[2025-03-09T18:06:38.507+0000] {spark_submit.py:579} INFO - 25/03/09 18:06:38 INFO DAGScheduler: Final stage: ShuffleMapStage 1 (showString at NativeMethodAccessorImpl.java:0)
[2025-03-09T18:06:38.507+0000] {spark_submit.py:579} INFO - 25/03/09 18:06:38 INFO DAGScheduler: Parents of final stage: List()
[2025-03-09T18:06:38.508+0000] {spark_submit.py:579} INFO - 25/03/09 18:06:38 INFO DAGScheduler: Missing parents: List()
[2025-03-09T18:06:38.509+0000] {spark_submit.py:579} INFO - 25/03/09 18:06:38 INFO DAGScheduler: Submitting ShuffleMapStage 1 (MapPartitionsRDD[8] at showString at NativeMethodAccessorImpl.java:0), which has no missing parents
[2025-03-09T18:06:38.517+0000] {spark_submit.py:579} INFO - 25/03/09 18:06:38 INFO MemoryStore: Block broadcast_1 stored as values in memory (estimated size 37.6 KiB, free 434.4 MiB)
[2025-03-09T18:06:38.519+0000] {spark_submit.py:579} INFO - 25/03/09 18:06:38 INFO MemoryStore: Block broadcast_1_piece0 stored as bytes in memory (estimated size 18.0 KiB, free 434.3 MiB)
[2025-03-09T18:06:38.519+0000] {spark_submit.py:579} INFO - 25/03/09 18:06:38 INFO BlockManagerInfo: Added broadcast_1_piece0 in memory on ea9d07c912c6:40091 (size: 18.0 KiB, free: 434.4 MiB)
[2025-03-09T18:06:38.520+0000] {spark_submit.py:579} INFO - 25/03/09 18:06:38 INFO SparkContext: Created broadcast 1 from broadcast at DAGScheduler.scala:1585
[2025-03-09T18:06:38.520+0000] {spark_submit.py:579} INFO - 25/03/09 18:06:38 INFO DAGScheduler: Submitting 2 missing tasks from ShuffleMapStage 1 (MapPartitionsRDD[8] at showString at NativeMethodAccessorImpl.java:0) (first 15 tasks are for partitions Vector(0, 1))
[2025-03-09T18:06:38.521+0000] {spark_submit.py:579} INFO - 25/03/09 18:06:38 INFO TaskSchedulerImpl: Adding task set 1.0 with 2 tasks resource profile 0
[2025-03-09T18:06:38.522+0000] {spark_submit.py:579} INFO - 25/03/09 18:06:38 INFO TaskSetManager: Starting task 0.0 in stage 1.0 (TID 1) (172.18.0.4, executor 0, partition 0, PROCESS_LOCAL, 9648 bytes)
[2025-03-09T18:06:38.522+0000] {spark_submit.py:579} INFO - 25/03/09 18:06:38 INFO TaskSetManager: Starting task 1.0 in stage 1.0 (TID 2) (172.18.0.4, executor 0, partition 1, PROCESS_LOCAL, 9648 bytes)
[2025-03-09T18:06:38.536+0000] {spark_submit.py:579} INFO - 25/03/09 18:06:38 INFO BlockManagerInfo: Added broadcast_1_piece0 in memory on 172.18.0.4:43897 (size: 18.0 KiB, free: 434.4 MiB)
[2025-03-09T18:06:38.812+0000] {spark_submit.py:579} INFO - 25/03/09 18:06:38 INFO TaskSetManager: Finished task 0.0 in stage 1.0 (TID 1) in 290 ms on 172.18.0.4 (executor 0) (1/2)
[2025-03-09T18:06:38.812+0000] {spark_submit.py:579} INFO - 25/03/09 18:06:38 INFO TaskSetManager: Finished task 1.0 in stage 1.0 (TID 2) in 290 ms on 172.18.0.4 (executor 0) (2/2)
[2025-03-09T18:06:38.813+0000] {spark_submit.py:579} INFO - 25/03/09 18:06:38 INFO TaskSchedulerImpl: Removed TaskSet 1.0, whose tasks have all completed, from pool
[2025-03-09T18:06:38.814+0000] {spark_submit.py:579} INFO - 25/03/09 18:06:38 INFO DAGScheduler: ShuffleMapStage 1 (showString at NativeMethodAccessorImpl.java:0) finished in 0.303 s
[2025-03-09T18:06:38.814+0000] {spark_submit.py:579} INFO - 25/03/09 18:06:38 INFO DAGScheduler: looking for newly runnable stages
[2025-03-09T18:06:38.814+0000] {spark_submit.py:579} INFO - 25/03/09 18:06:38 INFO DAGScheduler: running: Set()
[2025-03-09T18:06:38.814+0000] {spark_submit.py:579} INFO - 25/03/09 18:06:38 INFO DAGScheduler: waiting: Set()
[2025-03-09T18:06:38.814+0000] {spark_submit.py:579} INFO - 25/03/09 18:06:38 INFO DAGScheduler: failed: Set()
[2025-03-09T18:06:38.825+0000] {spark_submit.py:579} INFO - 25/03/09 18:06:38 INFO ShufflePartitionsUtil: For shuffle(0), advisory target size: 67108864, actual target size 1048576, minimum partition size: 1048576
[2025-03-09T18:06:38.834+0000] {spark_submit.py:579} INFO - 25/03/09 18:06:38 INFO HashAggregateExec: spark.sql.codegen.aggregate.map.twolevel.enabled is set to true, but current version of codegened fast hashmap does not support this aggregate.
[2025-03-09T18:06:38.845+0000] {spark_submit.py:579} INFO - 25/03/09 18:06:38 INFO CodeGenerator: Code generated in 8.297333 ms
[2025-03-09T18:06:38.858+0000] {spark_submit.py:579} INFO - 25/03/09 18:06:38 INFO SparkContext: Starting job: showString at NativeMethodAccessorImpl.java:0
[2025-03-09T18:06:38.858+0000] {spark_submit.py:579} INFO - 25/03/09 18:06:38 INFO DAGScheduler: Got job 2 (showString at NativeMethodAccessorImpl.java:0) with 1 output partitions
[2025-03-09T18:06:38.859+0000] {spark_submit.py:579} INFO - 25/03/09 18:06:38 INFO DAGScheduler: Final stage: ResultStage 3 (showString at NativeMethodAccessorImpl.java:0)
[2025-03-09T18:06:38.859+0000] {spark_submit.py:579} INFO - 25/03/09 18:06:38 INFO DAGScheduler: Parents of final stage: List(ShuffleMapStage 2)
[2025-03-09T18:06:38.859+0000] {spark_submit.py:579} INFO - 25/03/09 18:06:38 INFO DAGScheduler: Missing parents: List()
[2025-03-09T18:06:38.859+0000] {spark_submit.py:579} INFO - 25/03/09 18:06:38 INFO DAGScheduler: Submitting ResultStage 3 (MapPartitionsRDD[11] at showString at NativeMethodAccessorImpl.java:0), which has no missing parents
[2025-03-09T18:06:38.866+0000] {spark_submit.py:579} INFO - 25/03/09 18:06:38 INFO MemoryStore: Block broadcast_2 stored as values in memory (estimated size 39.6 KiB, free 434.3 MiB)
[2025-03-09T18:06:38.869+0000] {spark_submit.py:579} INFO - 25/03/09 18:06:38 INFO MemoryStore: Block broadcast_2_piece0 stored as bytes in memory (estimated size 19.2 KiB, free 434.3 MiB)
[2025-03-09T18:06:38.870+0000] {spark_submit.py:579} INFO - 25/03/09 18:06:38 INFO BlockManagerInfo: Added broadcast_2_piece0 in memory on ea9d07c912c6:40091 (size: 19.2 KiB, free: 434.4 MiB)
[2025-03-09T18:06:38.870+0000] {spark_submit.py:579} INFO - 25/03/09 18:06:38 INFO SparkContext: Created broadcast 2 from broadcast at DAGScheduler.scala:1585
[2025-03-09T18:06:38.870+0000] {spark_submit.py:579} INFO - 25/03/09 18:06:38 INFO DAGScheduler: Submitting 1 missing tasks from ResultStage 3 (MapPartitionsRDD[11] at showString at NativeMethodAccessorImpl.java:0) (first 15 tasks are for partitions Vector(0))
[2025-03-09T18:06:38.870+0000] {spark_submit.py:579} INFO - 25/03/09 18:06:38 INFO TaskSchedulerImpl: Adding task set 3.0 with 1 tasks resource profile 0
[2025-03-09T18:06:38.872+0000] {spark_submit.py:579} INFO - 25/03/09 18:06:38 INFO TaskSetManager: Starting task 0.0 in stage 3.0 (TID 3) (172.18.0.4, executor 0, partition 0, NODE_LOCAL, 9003 bytes)
[2025-03-09T18:06:38.881+0000] {spark_submit.py:579} INFO - 25/03/09 18:06:38 INFO BlockManagerInfo: Added broadcast_2_piece0 in memory on 172.18.0.4:43897 (size: 19.2 KiB, free: 434.4 MiB)
[2025-03-09T18:06:38.899+0000] {spark_submit.py:579} INFO - 25/03/09 18:06:38 INFO MapOutputTrackerMasterEndpoint: Asked to send map output locations for shuffle 0 to 172.18.0.4:42520
[2025-03-09T18:06:38.952+0000] {spark_submit.py:579} INFO - 25/03/09 18:06:38 INFO TaskSetManager: Finished task 0.0 in stage 3.0 (TID 3) in 81 ms on 172.18.0.4 (executor 0) (1/1)
[2025-03-09T18:06:38.953+0000] {spark_submit.py:579} INFO - 25/03/09 18:06:38 INFO TaskSchedulerImpl: Removed TaskSet 3.0, whose tasks have all completed, from pool
[2025-03-09T18:06:38.953+0000] {spark_submit.py:579} INFO - 25/03/09 18:06:38 INFO DAGScheduler: ResultStage 3 (showString at NativeMethodAccessorImpl.java:0) finished in 0.089 s
[2025-03-09T18:06:38.953+0000] {spark_submit.py:579} INFO - 25/03/09 18:06:38 INFO DAGScheduler: Job 2 is finished. Cancelling potential speculative or zombie tasks for this job
[2025-03-09T18:06:38.954+0000] {spark_submit.py:579} INFO - 25/03/09 18:06:38 INFO TaskSchedulerImpl: Killing all running tasks in stage 3: Stage finished
[2025-03-09T18:06:38.954+0000] {spark_submit.py:579} INFO - 25/03/09 18:06:38 INFO DAGScheduler: Job 2 finished: showString at NativeMethodAccessorImpl.java:0, took 0.095963 s
[2025-03-09T18:06:38.957+0000] {spark_submit.py:579} INFO - +----------+-----+
[2025-03-09T18:06:38.957+0000] {spark_submit.py:579} INFO - |     value|count|
[2025-03-09T18:06:38.957+0000] {spark_submit.py:579} INFO - +----------+-----+
[2025-03-09T18:06:38.957+0000] {spark_submit.py:579} INFO - | 0.9600525|    1|
[2025-03-09T18:06:38.957+0000] {spark_submit.py:579} INFO - |  0.883106|    1|
[2025-03-09T18:06:38.957+0000] {spark_submit.py:579} INFO - |0.93697464|    1|
[2025-03-09T18:06:38.957+0000] {spark_submit.py:579} INFO - |0.85426885|    1|
[2025-03-09T18:06:38.957+0000] {spark_submit.py:579} INFO - | 0.7588776|    1|
[2025-03-09T18:06:38.958+0000] {spark_submit.py:579} INFO - | 0.9785571|    1|
[2025-03-09T18:06:38.958+0000] {spark_submit.py:579} INFO - |0.61332494|    1|
[2025-03-09T18:06:38.958+0000] {spark_submit.py:579} INFO - |0.65155137|    1|
[2025-03-09T18:06:38.958+0000] {spark_submit.py:579} INFO - |0.57059276|    1|
[2025-03-09T18:06:38.958+0000] {spark_submit.py:579} INFO - |0.97549266|    1|
[2025-03-09T18:06:38.958+0000] {spark_submit.py:579} INFO - +----------+-----+
[2025-03-09T18:06:38.958+0000] {spark_submit.py:579} INFO - only showing top 10 rows
[2025-03-09T18:06:38.958+0000] {spark_submit.py:579} INFO - 
[2025-03-09T18:06:38.958+0000] {spark_submit.py:579} INFO - Сгруппированные по значениям:  None
[2025-03-09T18:06:38.958+0000] {spark_submit.py:579} INFO - 25/03/09 18:06:38 INFO SparkContext: SparkContext is stopping with exitCode 0.
[2025-03-09T18:06:38.962+0000] {spark_submit.py:579} INFO - 25/03/09 18:06:38 INFO SparkUI: Stopped Spark web UI at http://ea9d07c912c6:4040
[2025-03-09T18:06:38.964+0000] {spark_submit.py:579} INFO - 25/03/09 18:06:38 INFO StandaloneSchedulerBackend: Shutting down all executors
[2025-03-09T18:06:38.965+0000] {spark_submit.py:579} INFO - 25/03/09 18:06:38 INFO StandaloneSchedulerBackend$StandaloneDriverEndpoint: Asking each executor to shut down
[2025-03-09T18:06:38.977+0000] {spark_submit.py:579} INFO - 25/03/09 18:06:38 INFO MapOutputTrackerMasterEndpoint: MapOutputTrackerMasterEndpoint stopped!
[2025-03-09T18:06:38.997+0000] {spark_submit.py:579} INFO - 25/03/09 18:06:38 INFO MemoryStore: MemoryStore cleared
[2025-03-09T18:06:38.998+0000] {spark_submit.py:579} INFO - 25/03/09 18:06:38 INFO BlockManager: BlockManager stopped
[2025-03-09T18:06:39.000+0000] {spark_submit.py:579} INFO - 25/03/09 18:06:39 INFO BlockManagerMaster: BlockManagerMaster stopped
[2025-03-09T18:06:39.002+0000] {spark_submit.py:579} INFO - 25/03/09 18:06:39 INFO OutputCommitCoordinator$OutputCommitCoordinatorEndpoint: OutputCommitCoordinator stopped!
[2025-03-09T18:06:39.007+0000] {spark_submit.py:579} INFO - 25/03/09 18:06:39 INFO SparkContext: Successfully stopped SparkContext
[2025-03-09T18:06:40.029+0000] {spark_submit.py:579} INFO - 25/03/09 18:06:40 INFO ShutdownHookManager: Shutdown hook called
[2025-03-09T18:06:40.029+0000] {spark_submit.py:579} INFO - 25/03/09 18:06:40 INFO ShutdownHookManager: Deleting directory /tmp/spark-f09e03be-9e48-41dc-be3d-9fb3bce6b112/pyspark-513d3f7c-0d2b-4a4d-afe2-37540962750b
[2025-03-09T18:06:40.031+0000] {spark_submit.py:579} INFO - 25/03/09 18:06:40 INFO ShutdownHookManager: Deleting directory /tmp/spark-8c836e74-8881-4aff-995f-3ec135132065
[2025-03-09T18:06:40.033+0000] {spark_submit.py:579} INFO - 25/03/09 18:06:40 INFO ShutdownHookManager: Deleting directory /tmp/spark-f09e03be-9e48-41dc-be3d-9fb3bce6b112
[2025-03-09T18:06:40.063+0000] {taskinstance.py:341} INFO - ::group::Post task execution logs
[2025-03-09T18:06:40.063+0000] {taskinstance.py:353} INFO - Marking task as SUCCESS. dag_id=SparkDags, task_id=Spark_Task_1, run_id=manual__2025-03-09T18:06:32.327166+00:00, execution_date=20250309T180632, start_date=20250309T180632, end_date=20250309T180640
[2025-03-09T18:06:40.093+0000] {local_task_job_runner.py:266} INFO - Task exited with return code 0
[2025-03-09T18:06:40.103+0000] {taskinstance.py:3901} INFO - 0 downstream tasks scheduled from follow-on schedule check
[2025-03-09T18:06:40.104+0000] {local_task_job_runner.py:245} INFO - ::endgroup::
