[2025-03-09T12:28:46.129+0000] {local_task_job_runner.py:123} INFO - ::group::Pre task execution logs
[2025-03-09T12:28:46.140+0000] {taskinstance.py:2614} INFO - Dependencies all met for dep_context=non-requeueable deps ti=<TaskInstance: SparkDag.Spark_Task_1 scheduled__2025-03-08T00:00:00+00:00 [queued]>
[2025-03-09T12:28:46.146+0000] {taskinstance.py:2614} INFO - Dependencies all met for dep_context=requeueable deps ti=<TaskInstance: SparkDag.Spark_Task_1 scheduled__2025-03-08T00:00:00+00:00 [queued]>
[2025-03-09T12:28:46.146+0000] {taskinstance.py:2867} INFO - Starting attempt 1 of 4
[2025-03-09T12:28:46.152+0000] {taskinstance.py:2890} INFO - Executing <Task(SparkSubmitOperator): Spark_Task_1> on 2025-03-08 00:00:00+00:00
[2025-03-09T12:28:46.155+0000] {standard_task_runner.py:72} INFO - Started process 227 to run task
[2025-03-09T12:28:46.158+0000] {standard_task_runner.py:104} INFO - Running: ['***', 'tasks', 'run', 'SparkDag', 'Spark_Task_1', 'scheduled__2025-03-08T00:00:00+00:00', '--job-id', '6', '--raw', '--subdir', 'DAGS_FOLDER/spark_job_example.py', '--cfg-path', '/tmp/tmpn6fd9h7j']
[2025-03-09T12:28:46.161+0000] {standard_task_runner.py:105} INFO - Job 6: Subtask Spark_Task_1
[2025-03-09T12:28:46.187+0000] {task_command.py:467} INFO - Running <TaskInstance: SparkDag.Spark_Task_1 scheduled__2025-03-08T00:00:00+00:00 [running]> on host b9ca2d8b50b2
[2025-03-09T12:28:46.311+0000] {taskinstance.py:3134} INFO - Exporting env vars: AIRFLOW_CTX_DAG_OWNER='***' AIRFLOW_CTX_DAG_ID='SparkDag' AIRFLOW_CTX_TASK_ID='Spark_Task_1' AIRFLOW_CTX_EXECUTION_DATE='2025-03-08T00:00:00+00:00' AIRFLOW_CTX_TRY_NUMBER='1' AIRFLOW_CTX_DAG_RUN_ID='scheduled__2025-03-08T00:00:00+00:00'
[2025-03-09T12:28:46.312+0000] {taskinstance.py:732} INFO - ::endgroup::
[2025-03-09T12:28:46.321+0000] {base.py:84} INFO - Retrieving connection 'spark_local'
[2025-03-09T12:28:46.321+0000] {spark_submit.py:403} INFO - Spark-Submit cmd: spark-submit --master spark://spark-master:7077 --name arrow-spark --deploy-mode client /opt/***/spark/spark_workflow.py
[2025-03-09T12:28:46.381+0000] {spark_submit.py:579} INFO - /home/***/.local/lib/python3.8/site-packages/pyspark/bin/load-spark-env.sh: line 68: ps: command not found
[2025-03-09T12:28:47.834+0000] {spark_submit.py:579} INFO - 25/03/09 12:28:47 INFO SparkContext: Running Spark version 3.5.5
[2025-03-09T12:28:47.835+0000] {spark_submit.py:579} INFO - 25/03/09 12:28:47 INFO SparkContext: OS info Linux, 6.10.11-linuxkit, aarch64
[2025-03-09T12:28:47.836+0000] {spark_submit.py:579} INFO - 25/03/09 12:28:47 INFO SparkContext: Java version 11.0.26
[2025-03-09T12:28:47.865+0000] {spark_submit.py:579} INFO - 25/03/09 12:28:47 WARN NativeCodeLoader: Unable to load native-hadoop library for your platform... using builtin-java classes where applicable
[2025-03-09T12:28:47.902+0000] {spark_submit.py:579} INFO - 25/03/09 12:28:47 INFO ResourceUtils: ==============================================================
[2025-03-09T12:28:47.902+0000] {spark_submit.py:579} INFO - 25/03/09 12:28:47 INFO ResourceUtils: No custom resources configured for spark.driver.
[2025-03-09T12:28:47.903+0000] {spark_submit.py:579} INFO - 25/03/09 12:28:47 INFO ResourceUtils: ==============================================================
[2025-03-09T12:28:47.903+0000] {spark_submit.py:579} INFO - 25/03/09 12:28:47 INFO SparkContext: Submitted application: RandomDataExample
[2025-03-09T12:28:47.912+0000] {spark_submit.py:579} INFO - 25/03/09 12:28:47 INFO ResourceProfile: Default ResourceProfile created, executor resources: Map(memory -> name: memory, amount: 4096, script: , vendor: , offHeap -> name: offHeap, amount: 0, script: , vendor: ), task resources: Map(cpus -> name: cpus, amount: 1.0)
[2025-03-09T12:28:47.917+0000] {spark_submit.py:579} INFO - 25/03/09 12:28:47 INFO ResourceProfile: Limiting resource is cpu
[2025-03-09T12:28:47.917+0000] {spark_submit.py:579} INFO - 25/03/09 12:28:47 INFO ResourceProfileManager: Added ResourceProfile id: 0
[2025-03-09T12:28:47.939+0000] {spark_submit.py:579} INFO - 25/03/09 12:28:47 INFO SecurityManager: Changing view acls to: ***
[2025-03-09T12:28:47.939+0000] {spark_submit.py:579} INFO - 25/03/09 12:28:47 INFO SecurityManager: Changing modify acls to: ***
[2025-03-09T12:28:47.940+0000] {spark_submit.py:579} INFO - 25/03/09 12:28:47 INFO SecurityManager: Changing view acls groups to:
[2025-03-09T12:28:47.940+0000] {spark_submit.py:579} INFO - 25/03/09 12:28:47 INFO SecurityManager: Changing modify acls groups to:
[2025-03-09T12:28:47.940+0000] {spark_submit.py:579} INFO - 25/03/09 12:28:47 INFO SecurityManager: SecurityManager: authentication disabled; ui acls disabled; users with view permissions: ***; groups with view permissions: EMPTY; users with modify permissions: ***; groups with modify permissions: EMPTY
[2025-03-09T12:28:48.098+0000] {spark_submit.py:579} INFO - 25/03/09 12:28:48 INFO Utils: Successfully started service 'sparkDriver' on port 39891.
[2025-03-09T12:28:48.112+0000] {spark_submit.py:579} INFO - 25/03/09 12:28:48 INFO SparkEnv: Registering MapOutputTracker
[2025-03-09T12:28:48.128+0000] {spark_submit.py:579} INFO - 25/03/09 12:28:48 INFO SparkEnv: Registering BlockManagerMaster
[2025-03-09T12:28:48.136+0000] {spark_submit.py:579} INFO - 25/03/09 12:28:48 INFO BlockManagerMasterEndpoint: Using org.apache.spark.storage.DefaultTopologyMapper for getting topology information
[2025-03-09T12:28:48.138+0000] {spark_submit.py:579} INFO - 25/03/09 12:28:48 INFO BlockManagerMasterEndpoint: BlockManagerMasterEndpoint up
[2025-03-09T12:28:48.139+0000] {spark_submit.py:579} INFO - 25/03/09 12:28:48 INFO SparkEnv: Registering BlockManagerMasterHeartbeat
[2025-03-09T12:28:48.150+0000] {spark_submit.py:579} INFO - 25/03/09 12:28:48 INFO DiskBlockManager: Created local directory at /tmp/blockmgr-19b3e046-06a1-42fb-ac20-8c364bb16c78
[2025-03-09T12:28:48.157+0000] {spark_submit.py:579} INFO - 25/03/09 12:28:48 INFO MemoryStore: MemoryStore started with capacity 434.4 MiB
[2025-03-09T12:28:48.163+0000] {spark_submit.py:579} INFO - 25/03/09 12:28:48 INFO SparkEnv: Registering OutputCommitCoordinator
[2025-03-09T12:28:48.233+0000] {spark_submit.py:579} INFO - 25/03/09 12:28:48 INFO JettyUtils: Start Jetty 0.0.0.0:4040 for SparkUI
[2025-03-09T12:28:48.259+0000] {spark_submit.py:579} INFO - 25/03/09 12:28:48 WARN Utils: Service 'SparkUI' could not bind on port 4040. Attempting port 4041.
[2025-03-09T12:28:48.263+0000] {spark_submit.py:579} INFO - 25/03/09 12:28:48 INFO Utils: Successfully started service 'SparkUI' on port 4041.
[2025-03-09T12:28:48.324+0000] {spark_submit.py:579} INFO - 25/03/09 12:28:48 INFO StandaloneAppClient$ClientEndpoint: Connecting to master spark://spark-master:7077...
[2025-03-09T12:28:48.355+0000] {spark_submit.py:579} INFO - 25/03/09 12:28:48 INFO TransportClientFactory: Successfully created connection to spark-master/172.18.0.3:7077 after 18 ms (0 ms spent in bootstraps)
[2025-03-09T12:28:48.448+0000] {spark_submit.py:579} INFO - 25/03/09 12:28:48 INFO StandaloneSchedulerBackend: Connected to Spark cluster with app ID app-20250309122848-0000
[2025-03-09T12:28:48.454+0000] {spark_submit.py:579} INFO - 25/03/09 12:28:48 INFO Utils: Successfully started service 'org.apache.spark.network.netty.NettyBlockTransferService' on port 44229.
[2025-03-09T12:28:48.455+0000] {spark_submit.py:579} INFO - 25/03/09 12:28:48 INFO NettyBlockTransferService: Server created on b9ca2d8b50b2:44229
[2025-03-09T12:28:48.455+0000] {spark_submit.py:579} INFO - 25/03/09 12:28:48 INFO BlockManager: Using org.apache.spark.storage.RandomBlockReplicationPolicy for block replication policy
[2025-03-09T12:28:48.459+0000] {spark_submit.py:579} INFO - 25/03/09 12:28:48 INFO BlockManagerMaster: Registering BlockManager BlockManagerId(driver, b9ca2d8b50b2, 44229, None)
[2025-03-09T12:28:48.462+0000] {spark_submit.py:579} INFO - 25/03/09 12:28:48 INFO BlockManagerMasterEndpoint: Registering block manager b9ca2d8b50b2:44229 with 434.4 MiB RAM, BlockManagerId(driver, b9ca2d8b50b2, 44229, None)
[2025-03-09T12:28:48.464+0000] {spark_submit.py:579} INFO - 25/03/09 12:28:48 INFO BlockManagerMaster: Registered BlockManager BlockManagerId(driver, b9ca2d8b50b2, 44229, None)
[2025-03-09T12:28:48.465+0000] {spark_submit.py:579} INFO - 25/03/09 12:28:48 INFO BlockManager: Initialized BlockManager: BlockManagerId(driver, b9ca2d8b50b2, 44229, None)
[2025-03-09T12:28:48.487+0000] {spark_submit.py:579} INFO - 25/03/09 12:28:48 INFO StandaloneAppClient$ClientEndpoint: Executor added: app-20250309122848-0000/0 on worker-20250309122701-172.18.0.4-34697 (172.18.0.4:34697) with 2 core(s)
[2025-03-09T12:28:48.489+0000] {spark_submit.py:579} INFO - 25/03/09 12:28:48 INFO StandaloneSchedulerBackend: Granted executor ID app-20250309122848-0000/0 on hostPort 172.18.0.4:34697 with 2 core(s), 4.0 GiB RAM
[2025-03-09T12:28:48.617+0000] {spark_submit.py:579} INFO - 25/03/09 12:28:48 INFO StandaloneSchedulerBackend: SchedulerBackend is ready for scheduling beginning after reached minRegisteredResourcesRatio: 0.0
[2025-03-09T12:28:48.648+0000] {spark_submit.py:579} INFO - 25/03/09 12:28:48 INFO StandaloneAppClient$ClientEndpoint: Executor updated: app-20250309122848-0000/0 is now RUNNING
[2025-03-09T12:28:49.690+0000] {spark_submit.py:579} INFO - 25/03/09 12:28:49 INFO SharedState: Setting hive.metastore.warehouse.dir ('null') to the value of spark.sql.warehouse.dir.
[2025-03-09T12:28:49.697+0000] {spark_submit.py:579} INFO - 25/03/09 12:28:49 INFO SharedState: Warehouse path is 'file:/opt/***/spark-warehouse'.
[2025-03-09T12:28:50.087+0000] {spark_submit.py:579} INFO - 25/03/09 12:28:50 INFO StandaloneSchedulerBackend$StandaloneDriverEndpoint: Registered executor NettyRpcEndpointRef(spark-client://Executor) (172.18.0.4:37242) with ID 0,  ResourceProfileId 0
[2025-03-09T12:28:50.121+0000] {spark_submit.py:579} INFO - 25/03/09 12:28:50 INFO BlockManagerMasterEndpoint: Registering block manager 172.18.0.4:46079 with 2.2 GiB RAM, BlockManagerId(0, 172.18.0.4, 46079, None)
[2025-03-09T12:28:50.777+0000] {spark_submit.py:579} INFO - 25/03/09 12:28:50 INFO CodeGenerator: Code generated in 119.066 ms
[2025-03-09T12:28:50.793+0000] {spark_submit.py:579} INFO - 25/03/09 12:28:50 INFO SparkContext: Starting job: showString at NativeMethodAccessorImpl.java:0
[2025-03-09T12:28:50.799+0000] {spark_submit.py:579} INFO - 25/03/09 12:28:50 INFO DAGScheduler: Got job 0 (showString at NativeMethodAccessorImpl.java:0) with 1 output partitions
[2025-03-09T12:28:50.799+0000] {spark_submit.py:579} INFO - 25/03/09 12:28:50 INFO DAGScheduler: Final stage: ResultStage 0 (showString at NativeMethodAccessorImpl.java:0)
[2025-03-09T12:28:50.800+0000] {spark_submit.py:579} INFO - 25/03/09 12:28:50 INFO DAGScheduler: Parents of final stage: List()
[2025-03-09T12:28:50.801+0000] {spark_submit.py:579} INFO - 25/03/09 12:28:50 INFO DAGScheduler: Missing parents: List()
[2025-03-09T12:28:50.803+0000] {spark_submit.py:579} INFO - 25/03/09 12:28:50 INFO DAGScheduler: Submitting ResultStage 0 (MapPartitionsRDD[6] at showString at NativeMethodAccessorImpl.java:0), which has no missing parents
[2025-03-09T12:28:50.843+0000] {spark_submit.py:579} INFO - 25/03/09 12:28:50 INFO MemoryStore: Block broadcast_0 stored as values in memory (estimated size 12.5 KiB, free 434.4 MiB)
[2025-03-09T12:28:50.859+0000] {spark_submit.py:579} INFO - 25/03/09 12:28:50 INFO MemoryStore: Block broadcast_0_piece0 stored as bytes in memory (estimated size 6.6 KiB, free 434.4 MiB)
[2025-03-09T12:28:50.861+0000] {spark_submit.py:579} INFO - 25/03/09 12:28:50 INFO BlockManagerInfo: Added broadcast_0_piece0 in memory on b9ca2d8b50b2:44229 (size: 6.6 KiB, free: 434.4 MiB)
[2025-03-09T12:28:50.864+0000] {spark_submit.py:579} INFO - 25/03/09 12:28:50 INFO SparkContext: Created broadcast 0 from broadcast at DAGScheduler.scala:1585
[2025-03-09T12:28:50.870+0000] {spark_submit.py:579} INFO - 25/03/09 12:28:50 INFO DAGScheduler: Submitting 1 missing tasks from ResultStage 0 (MapPartitionsRDD[6] at showString at NativeMethodAccessorImpl.java:0) (first 15 tasks are for partitions Vector(0))
[2025-03-09T12:28:50.870+0000] {spark_submit.py:579} INFO - 25/03/09 12:28:50 INFO TaskSchedulerImpl: Adding task set 0.0 with 1 tasks resource profile 0
[2025-03-09T12:28:50.882+0000] {spark_submit.py:579} INFO - 25/03/09 12:28:50 INFO TaskSetManager: Starting task 0.0 in stage 0.0 (TID 0) (172.18.0.4, executor 0, partition 0, PROCESS_LOCAL, 9659 bytes)
[2025-03-09T12:28:50.978+0000] {spark_submit.py:579} INFO - 25/03/09 12:28:50 INFO BlockManagerInfo: Added broadcast_0_piece0 in memory on 172.18.0.4:46079 (size: 6.6 KiB, free: 2.2 GiB)
[2025-03-09T12:28:51.550+0000] {spark_submit.py:579} INFO - 25/03/09 12:28:51 INFO TaskSetManager: Finished task 0.0 in stage 0.0 (TID 0) in 672 ms on 172.18.0.4 (executor 0) (1/1)
[2025-03-09T12:28:51.551+0000] {spark_submit.py:579} INFO - 25/03/09 12:28:51 INFO TaskSchedulerImpl: Removed TaskSet 0.0, whose tasks have all completed, from pool
[2025-03-09T12:28:51.554+0000] {spark_submit.py:579} INFO - 25/03/09 12:28:51 INFO PythonAccumulatorV2: Connected to AccumulatorServer at host: 127.0.0.1 port: 59477
[2025-03-09T12:28:51.556+0000] {spark_submit.py:579} INFO - 25/03/09 12:28:51 INFO DAGScheduler: ResultStage 0 (showString at NativeMethodAccessorImpl.java:0) finished in 0.747 s
[2025-03-09T12:28:51.557+0000] {spark_submit.py:579} INFO - 25/03/09 12:28:51 INFO DAGScheduler: Job 0 is finished. Cancelling potential speculative or zombie tasks for this job
[2025-03-09T12:28:51.557+0000] {spark_submit.py:579} INFO - 25/03/09 12:28:51 INFO TaskSchedulerImpl: Killing all running tasks in stage 0: Stage finished
[2025-03-09T12:28:51.558+0000] {spark_submit.py:579} INFO - 25/03/09 12:28:51 INFO DAGScheduler: Job 0 finished: showString at NativeMethodAccessorImpl.java:0, took 0.764819 s
[2025-03-09T12:28:51.715+0000] {spark_submit.py:579} INFO - 25/03/09 12:28:51 INFO BlockManagerInfo: Removed broadcast_0_piece0 on b9ca2d8b50b2:44229 in memory (size: 6.6 KiB, free: 434.4 MiB)
[2025-03-09T12:28:51.716+0000] {spark_submit.py:579} INFO - 25/03/09 12:28:51 INFO BlockManagerInfo: Removed broadcast_0_piece0 on 172.18.0.4:46079 in memory (size: 6.6 KiB, free: 2.2 GiB)
[2025-03-09T12:28:51.984+0000] {spark_submit.py:579} INFO - 25/03/09 12:28:51 INFO CodeGenerator: Code generated in 7.335334 ms
[2025-03-09T12:28:51.989+0000] {spark_submit.py:579} INFO - +---+-----------+
[2025-03-09T12:28:51.989+0000] {spark_submit.py:579} INFO - | id|      value|
[2025-03-09T12:28:51.989+0000] {spark_submit.py:579} INFO - +---+-----------+
[2025-03-09T12:28:51.989+0000] {spark_submit.py:579} INFO - |  0|0.023814477|
[2025-03-09T12:28:51.990+0000] {spark_submit.py:579} INFO - |  1| 0.35135865|
[2025-03-09T12:28:51.990+0000] {spark_submit.py:579} INFO - |  2| 0.15429045|
[2025-03-09T12:28:51.990+0000] {spark_submit.py:579} INFO - |  3|  0.6176771|
[2025-03-09T12:28:51.990+0000] {spark_submit.py:579} INFO - |  4| 0.21587428|
[2025-03-09T12:28:51.990+0000] {spark_submit.py:579} INFO - |  5| 0.11415381|
[2025-03-09T12:28:51.990+0000] {spark_submit.py:579} INFO - |  6| 0.14109944|
[2025-03-09T12:28:51.990+0000] {spark_submit.py:579} INFO - |  7|  0.8062301|
[2025-03-09T12:28:51.991+0000] {spark_submit.py:579} INFO - |  8| 0.58511704|
[2025-03-09T12:28:51.991+0000] {spark_submit.py:579} INFO - |  9|0.052383725|
[2025-03-09T12:28:51.991+0000] {spark_submit.py:579} INFO - +---+-----------+
[2025-03-09T12:28:51.991+0000] {spark_submit.py:579} INFO - only showing top 10 rows
[2025-03-09T12:28:51.991+0000] {spark_submit.py:579} INFO - 
[2025-03-09T12:28:51.991+0000] {spark_submit.py:579} INFO - Первые 10 строк данных:  None
[2025-03-09T12:28:52.144+0000] {spark_submit.py:579} INFO - 25/03/09 12:28:52 INFO CodeGenerator: Code generated in 26.815959 ms
[2025-03-09T12:28:52.170+0000] {spark_submit.py:579} INFO - 25/03/09 12:28:52 INFO DAGScheduler: Registering RDD 8 (showString at NativeMethodAccessorImpl.java:0) as input to shuffle 0
[2025-03-09T12:28:52.171+0000] {spark_submit.py:579} INFO - 25/03/09 12:28:52 INFO DAGScheduler: Got map stage job 1 (showString at NativeMethodAccessorImpl.java:0) with 2 output partitions
[2025-03-09T12:28:52.172+0000] {spark_submit.py:579} INFO - 25/03/09 12:28:52 INFO DAGScheduler: Final stage: ShuffleMapStage 1 (showString at NativeMethodAccessorImpl.java:0)
[2025-03-09T12:28:52.172+0000] {spark_submit.py:579} INFO - 25/03/09 12:28:52 INFO DAGScheduler: Parents of final stage: List()
[2025-03-09T12:28:52.172+0000] {spark_submit.py:579} INFO - 25/03/09 12:28:52 INFO DAGScheduler: Missing parents: List()
[2025-03-09T12:28:52.173+0000] {spark_submit.py:579} INFO - 25/03/09 12:28:52 INFO DAGScheduler: Submitting ShuffleMapStage 1 (MapPartitionsRDD[8] at showString at NativeMethodAccessorImpl.java:0), which has no missing parents
[2025-03-09T12:28:52.180+0000] {spark_submit.py:579} INFO - 25/03/09 12:28:52 INFO MemoryStore: Block broadcast_1 stored as values in memory (estimated size 37.6 KiB, free 434.4 MiB)
[2025-03-09T12:28:52.180+0000] {spark_submit.py:579} INFO - 25/03/09 12:28:52 INFO MemoryStore: Block broadcast_1_piece0 stored as bytes in memory (estimated size 18.0 KiB, free 434.3 MiB)
[2025-03-09T12:28:52.181+0000] {spark_submit.py:579} INFO - 25/03/09 12:28:52 INFO BlockManagerInfo: Added broadcast_1_piece0 in memory on b9ca2d8b50b2:44229 (size: 18.0 KiB, free: 434.4 MiB)
[2025-03-09T12:28:52.181+0000] {spark_submit.py:579} INFO - 25/03/09 12:28:52 INFO SparkContext: Created broadcast 1 from broadcast at DAGScheduler.scala:1585
[2025-03-09T12:28:52.182+0000] {spark_submit.py:579} INFO - 25/03/09 12:28:52 INFO DAGScheduler: Submitting 2 missing tasks from ShuffleMapStage 1 (MapPartitionsRDD[8] at showString at NativeMethodAccessorImpl.java:0) (first 15 tasks are for partitions Vector(0, 1))
[2025-03-09T12:28:52.182+0000] {spark_submit.py:579} INFO - 25/03/09 12:28:52 INFO TaskSchedulerImpl: Adding task set 1.0 with 2 tasks resource profile 0
[2025-03-09T12:28:52.183+0000] {spark_submit.py:579} INFO - 25/03/09 12:28:52 INFO TaskSetManager: Starting task 0.0 in stage 1.0 (TID 1) (172.18.0.4, executor 0, partition 0, PROCESS_LOCAL, 9648 bytes)
[2025-03-09T12:28:52.183+0000] {spark_submit.py:579} INFO - 25/03/09 12:28:52 INFO TaskSetManager: Starting task 1.0 in stage 1.0 (TID 2) (172.18.0.4, executor 0, partition 1, PROCESS_LOCAL, 9648 bytes)
[2025-03-09T12:28:52.194+0000] {spark_submit.py:579} INFO - 25/03/09 12:28:52 INFO BlockManagerInfo: Added broadcast_1_piece0 in memory on 172.18.0.4:46079 (size: 18.0 KiB, free: 2.2 GiB)
[2025-03-09T12:28:52.504+0000] {spark_submit.py:579} INFO - 25/03/09 12:28:52 INFO TaskSetManager: Finished task 1.0 in stage 1.0 (TID 2) in 321 ms on 172.18.0.4 (executor 0) (1/2)
[2025-03-09T12:28:52.504+0000] {spark_submit.py:579} INFO - 25/03/09 12:28:52 INFO TaskSetManager: Finished task 0.0 in stage 1.0 (TID 1) in 322 ms on 172.18.0.4 (executor 0) (2/2)
[2025-03-09T12:28:52.505+0000] {spark_submit.py:579} INFO - 25/03/09 12:28:52 INFO TaskSchedulerImpl: Removed TaskSet 1.0, whose tasks have all completed, from pool
[2025-03-09T12:28:52.506+0000] {spark_submit.py:579} INFO - 25/03/09 12:28:52 INFO DAGScheduler: ShuffleMapStage 1 (showString at NativeMethodAccessorImpl.java:0) finished in 0.331 s
[2025-03-09T12:28:52.507+0000] {spark_submit.py:579} INFO - 25/03/09 12:28:52 INFO DAGScheduler: looking for newly runnable stages
[2025-03-09T12:28:52.507+0000] {spark_submit.py:579} INFO - 25/03/09 12:28:52 INFO DAGScheduler: running: Set()
[2025-03-09T12:28:52.508+0000] {spark_submit.py:579} INFO - 25/03/09 12:28:52 INFO DAGScheduler: waiting: Set()
[2025-03-09T12:28:52.508+0000] {spark_submit.py:579} INFO - 25/03/09 12:28:52 INFO DAGScheduler: failed: Set()
[2025-03-09T12:28:52.521+0000] {spark_submit.py:579} INFO - 25/03/09 12:28:52 INFO ShufflePartitionsUtil: For shuffle(0), advisory target size: 67108864, actual target size 1048576, minimum partition size: 1048576
[2025-03-09T12:28:52.529+0000] {spark_submit.py:579} INFO - 25/03/09 12:28:52 INFO HashAggregateExec: spark.sql.codegen.aggregate.map.twolevel.enabled is set to true, but current version of codegened fast hashmap does not support this aggregate.
[2025-03-09T12:28:52.545+0000] {spark_submit.py:579} INFO - 25/03/09 12:28:52 INFO BlockManagerInfo: Removed broadcast_1_piece0 on b9ca2d8b50b2:44229 in memory (size: 18.0 KiB, free: 434.4 MiB)
[2025-03-09T12:28:52.548+0000] {spark_submit.py:579} INFO - 25/03/09 12:28:52 INFO BlockManagerInfo: Removed broadcast_1_piece0 on 172.18.0.4:46079 in memory (size: 18.0 KiB, free: 2.2 GiB)
[2025-03-09T12:28:52.550+0000] {spark_submit.py:579} INFO - 25/03/09 12:28:52 INFO CodeGenerator: Code generated in 17.607459 ms
[2025-03-09T12:28:52.563+0000] {spark_submit.py:579} INFO - 25/03/09 12:28:52 INFO SparkContext: Starting job: showString at NativeMethodAccessorImpl.java:0
[2025-03-09T12:28:52.564+0000] {spark_submit.py:579} INFO - 25/03/09 12:28:52 INFO DAGScheduler: Got job 2 (showString at NativeMethodAccessorImpl.java:0) with 1 output partitions
[2025-03-09T12:28:52.564+0000] {spark_submit.py:579} INFO - 25/03/09 12:28:52 INFO DAGScheduler: Final stage: ResultStage 3 (showString at NativeMethodAccessorImpl.java:0)
[2025-03-09T12:28:52.564+0000] {spark_submit.py:579} INFO - 25/03/09 12:28:52 INFO DAGScheduler: Parents of final stage: List(ShuffleMapStage 2)
[2025-03-09T12:28:52.565+0000] {spark_submit.py:579} INFO - 25/03/09 12:28:52 INFO DAGScheduler: Missing parents: List()
[2025-03-09T12:28:52.565+0000] {spark_submit.py:579} INFO - 25/03/09 12:28:52 INFO DAGScheduler: Submitting ResultStage 3 (MapPartitionsRDD[11] at showString at NativeMethodAccessorImpl.java:0), which has no missing parents
[2025-03-09T12:28:52.571+0000] {spark_submit.py:579} INFO - 25/03/09 12:28:52 INFO MemoryStore: Block broadcast_2 stored as values in memory (estimated size 39.6 KiB, free 434.4 MiB)
[2025-03-09T12:28:52.571+0000] {spark_submit.py:579} INFO - 25/03/09 12:28:52 INFO MemoryStore: Block broadcast_2_piece0 stored as bytes in memory (estimated size 19.2 KiB, free 434.3 MiB)
[2025-03-09T12:28:52.572+0000] {spark_submit.py:579} INFO - 25/03/09 12:28:52 INFO BlockManagerInfo: Added broadcast_2_piece0 in memory on b9ca2d8b50b2:44229 (size: 19.2 KiB, free: 434.4 MiB)
[2025-03-09T12:28:52.572+0000] {spark_submit.py:579} INFO - 25/03/09 12:28:52 INFO SparkContext: Created broadcast 2 from broadcast at DAGScheduler.scala:1585
[2025-03-09T12:28:52.572+0000] {spark_submit.py:579} INFO - 25/03/09 12:28:52 INFO DAGScheduler: Submitting 1 missing tasks from ResultStage 3 (MapPartitionsRDD[11] at showString at NativeMethodAccessorImpl.java:0) (first 15 tasks are for partitions Vector(0))
[2025-03-09T12:28:52.572+0000] {spark_submit.py:579} INFO - 25/03/09 12:28:52 INFO TaskSchedulerImpl: Adding task set 3.0 with 1 tasks resource profile 0
[2025-03-09T12:28:52.574+0000] {spark_submit.py:579} INFO - 25/03/09 12:28:52 INFO TaskSetManager: Starting task 0.0 in stage 3.0 (TID 3) (172.18.0.4, executor 0, partition 0, NODE_LOCAL, 9003 bytes)
[2025-03-09T12:28:52.586+0000] {spark_submit.py:579} INFO - 25/03/09 12:28:52 INFO BlockManagerInfo: Added broadcast_2_piece0 in memory on 172.18.0.4:46079 (size: 19.2 KiB, free: 2.2 GiB)
[2025-03-09T12:28:52.605+0000] {spark_submit.py:579} INFO - 25/03/09 12:28:52 INFO MapOutputTrackerMasterEndpoint: Asked to send map output locations for shuffle 0 to 172.18.0.4:37242
[2025-03-09T12:28:52.657+0000] {spark_submit.py:579} INFO - 25/03/09 12:28:52 INFO TaskSetManager: Finished task 0.0 in stage 3.0 (TID 3) in 82 ms on 172.18.0.4 (executor 0) (1/1)
[2025-03-09T12:28:52.657+0000] {spark_submit.py:579} INFO - 25/03/09 12:28:52 INFO TaskSchedulerImpl: Removed TaskSet 3.0, whose tasks have all completed, from pool
[2025-03-09T12:28:52.658+0000] {spark_submit.py:579} INFO - 25/03/09 12:28:52 INFO DAGScheduler: ResultStage 3 (showString at NativeMethodAccessorImpl.java:0) finished in 0.088 s
[2025-03-09T12:28:52.658+0000] {spark_submit.py:579} INFO - 25/03/09 12:28:52 INFO DAGScheduler: Job 2 is finished. Cancelling potential speculative or zombie tasks for this job
[2025-03-09T12:28:52.659+0000] {spark_submit.py:579} INFO - 25/03/09 12:28:52 INFO TaskSchedulerImpl: Killing all running tasks in stage 3: Stage finished
[2025-03-09T12:28:52.659+0000] {spark_submit.py:579} INFO - 25/03/09 12:28:52 INFO DAGScheduler: Job 2 finished: showString at NativeMethodAccessorImpl.java:0, took 0.095962 s
[2025-03-09T12:28:52.662+0000] {spark_submit.py:579} INFO - +----------+-----+
[2025-03-09T12:28:52.663+0000] {spark_submit.py:579} INFO - |     value|count|
[2025-03-09T12:28:52.663+0000] {spark_submit.py:579} INFO - +----------+-----+
[2025-03-09T12:28:52.664+0000] {spark_submit.py:579} INFO - |0.58511704|    1|
[2025-03-09T12:28:52.664+0000] {spark_submit.py:579} INFO - | 0.7382337|    1|
[2025-03-09T12:28:52.665+0000] {spark_submit.py:579} INFO - |0.73028886|    1|
[2025-03-09T12:28:52.665+0000] {spark_submit.py:579} INFO - |0.69963455|    1|
[2025-03-09T12:28:52.665+0000] {spark_submit.py:579} INFO - |0.61742586|    1|
[2025-03-09T12:28:52.665+0000] {spark_submit.py:579} INFO - |0.76093185|    1|
[2025-03-09T12:28:52.666+0000] {spark_submit.py:579} INFO - |0.56113505|    1|
[2025-03-09T12:28:52.666+0000] {spark_submit.py:579} INFO - | 0.5048686|    1|
[2025-03-09T12:28:52.667+0000] {spark_submit.py:579} INFO - | 0.5362667|    1|
[2025-03-09T12:28:52.667+0000] {spark_submit.py:579} INFO - | 0.7501515|    1|
[2025-03-09T12:28:52.667+0000] {spark_submit.py:579} INFO - +----------+-----+
[2025-03-09T12:28:52.667+0000] {spark_submit.py:579} INFO - only showing top 10 rows
[2025-03-09T12:28:52.668+0000] {spark_submit.py:579} INFO - 
[2025-03-09T12:28:52.668+0000] {spark_submit.py:579} INFO - Первые 10 строк данных:  None
[2025-03-09T12:28:52.668+0000] {spark_submit.py:579} INFO - 25/03/09 12:28:52 INFO SparkContext: SparkContext is stopping with exitCode 0.
[2025-03-09T12:28:52.669+0000] {spark_submit.py:579} INFO - 25/03/09 12:28:52 INFO SparkUI: Stopped Spark web UI at http://b9ca2d8b50b2:4041
[2025-03-09T12:28:52.672+0000] {spark_submit.py:579} INFO - 25/03/09 12:28:52 INFO StandaloneSchedulerBackend: Shutting down all executors
[2025-03-09T12:28:52.673+0000] {spark_submit.py:579} INFO - 25/03/09 12:28:52 INFO StandaloneSchedulerBackend$StandaloneDriverEndpoint: Asking each executor to shut down
[2025-03-09T12:28:52.685+0000] {spark_submit.py:579} INFO - 25/03/09 12:28:52 INFO MapOutputTrackerMasterEndpoint: MapOutputTrackerMasterEndpoint stopped!
[2025-03-09T12:28:52.701+0000] {spark_submit.py:579} INFO - 25/03/09 12:28:52 INFO MemoryStore: MemoryStore cleared
[2025-03-09T12:28:52.703+0000] {spark_submit.py:579} INFO - 25/03/09 12:28:52 INFO BlockManager: BlockManager stopped
[2025-03-09T12:28:52.705+0000] {spark_submit.py:579} INFO - 25/03/09 12:28:52 INFO BlockManagerMaster: BlockManagerMaster stopped
[2025-03-09T12:28:52.705+0000] {spark_submit.py:579} INFO - 25/03/09 12:28:52 INFO OutputCommitCoordinator$OutputCommitCoordinatorEndpoint: OutputCommitCoordinator stopped!
[2025-03-09T12:28:52.713+0000] {spark_submit.py:579} INFO - 25/03/09 12:28:52 INFO SparkContext: Successfully stopped SparkContext
[2025-03-09T12:28:53.703+0000] {spark_submit.py:579} INFO - 25/03/09 12:28:53 INFO ShutdownHookManager: Shutdown hook called
[2025-03-09T12:28:53.703+0000] {spark_submit.py:579} INFO - 25/03/09 12:28:53 INFO ShutdownHookManager: Deleting directory /tmp/spark-3acfa78c-64f8-4d62-a22d-197db10598dc/pyspark-7610d9b6-74a9-4ed7-a848-d538d8679b03
[2025-03-09T12:28:53.705+0000] {spark_submit.py:579} INFO - 25/03/09 12:28:53 INFO ShutdownHookManager: Deleting directory /tmp/spark-3acfa78c-64f8-4d62-a22d-197db10598dc
[2025-03-09T12:28:53.707+0000] {spark_submit.py:579} INFO - 25/03/09 12:28:53 INFO ShutdownHookManager: Deleting directory /tmp/spark-ce7eacc3-257e-4ae4-b45f-223c15ebd76f
[2025-03-09T12:28:53.742+0000] {taskinstance.py:341} INFO - ::group::Post task execution logs
[2025-03-09T12:28:53.743+0000] {taskinstance.py:353} INFO - Marking task as SUCCESS. dag_id=SparkDag, task_id=Spark_Task_1, run_id=scheduled__2025-03-08T00:00:00+00:00, execution_date=20250308T000000, start_date=20250309T122846, end_date=20250309T122853
[2025-03-09T12:28:53.783+0000] {local_task_job_runner.py:266} INFO - Task exited with return code 0
[2025-03-09T12:28:53.879+0000] {taskinstance.py:3901} INFO - 1 downstream tasks scheduled from follow-on schedule check
[2025-03-09T12:28:53.880+0000] {local_task_job_runner.py:245} INFO - ::endgroup::
