[2025-03-05T07:49:02.502+0000] {processor.py:157} INFO - Started process (PID=170) to work on /opt/airflow/dags/my_dag.py
[2025-03-05T07:49:02.503+0000] {processor.py:829} INFO - Processing file /opt/airflow/dags/my_dag.py for tasks to queue
[2025-03-05T07:49:02.505+0000] {logging_mixin.py:151} INFO - [2025-03-05T07:49:02.504+0000] {dagbag.py:539} INFO - Filling up the DagBag from /opt/airflow/dags/my_dag.py
[2025-03-05T07:49:03.040+0000] {processor.py:839} INFO - DAG(s) dict_keys(['ml_pipeline']) retrieved from /opt/airflow/dags/my_dag.py
[2025-03-05T07:49:03.051+0000] {logging_mixin.py:151} INFO - [2025-03-05T07:49:03.051+0000] {dag.py:2915} INFO - Sync 1 DAGs
[2025-03-05T07:49:03.063+0000] {logging_mixin.py:151} INFO - [2025-03-05T07:49:03.063+0000] {dag.py:3696} INFO - Setting next_dagrun for ml_pipeline to 2025-04-03T00:00:00+00:00, run_after=2025-04-04T00:00:00+00:00
[2025-03-05T07:49:03.075+0000] {processor.py:179} INFO - Processing /opt/airflow/dags/my_dag.py took 0.576 seconds
[2025-03-05T07:49:33.331+0000] {processor.py:157} INFO - Started process (PID=198) to work on /opt/airflow/dags/my_dag.py
[2025-03-05T07:49:33.331+0000] {processor.py:829} INFO - Processing file /opt/airflow/dags/my_dag.py for tasks to queue
[2025-03-05T07:49:33.332+0000] {logging_mixin.py:151} INFO - [2025-03-05T07:49:33.332+0000] {dagbag.py:539} INFO - Filling up the DagBag from /opt/airflow/dags/my_dag.py
[2025-03-05T07:49:33.712+0000] {processor.py:839} INFO - DAG(s) dict_keys(['ml_pipeline']) retrieved from /opt/airflow/dags/my_dag.py
[2025-03-05T07:49:33.743+0000] {logging_mixin.py:151} INFO - [2025-03-05T07:49:33.743+0000] {dag.py:2915} INFO - Sync 1 DAGs
[2025-03-05T07:49:33.757+0000] {logging_mixin.py:151} INFO - [2025-03-05T07:49:33.757+0000] {dag.py:3696} INFO - Setting next_dagrun for ml_pipeline to 2025-04-03T00:00:00+00:00, run_after=2025-04-04T00:00:00+00:00
[2025-03-05T07:49:33.764+0000] {processor.py:179} INFO - Processing /opt/airflow/dags/my_dag.py took 0.436 seconds
[2025-03-05T07:50:04.026+0000] {processor.py:157} INFO - Started process (PID=219) to work on /opt/airflow/dags/my_dag.py
[2025-03-05T07:50:04.027+0000] {processor.py:829} INFO - Processing file /opt/airflow/dags/my_dag.py for tasks to queue
[2025-03-05T07:50:04.028+0000] {logging_mixin.py:151} INFO - [2025-03-05T07:50:04.028+0000] {dagbag.py:539} INFO - Filling up the DagBag from /opt/airflow/dags/my_dag.py
[2025-03-05T07:50:04.518+0000] {processor.py:839} INFO - DAG(s) dict_keys(['ml_pipeline']) retrieved from /opt/airflow/dags/my_dag.py
[2025-03-05T07:50:04.531+0000] {logging_mixin.py:151} INFO - [2025-03-05T07:50:04.531+0000] {dag.py:2915} INFO - Sync 1 DAGs
[2025-03-05T07:50:04.541+0000] {logging_mixin.py:151} INFO - [2025-03-05T07:50:04.541+0000] {dag.py:3696} INFO - Setting next_dagrun for ml_pipeline to 2025-04-03T00:00:00+00:00, run_after=2025-04-04T00:00:00+00:00
[2025-03-05T07:50:04.548+0000] {processor.py:179} INFO - Processing /opt/airflow/dags/my_dag.py took 0.526 seconds
[2025-03-05T07:50:34.820+0000] {processor.py:157} INFO - Started process (PID=240) to work on /opt/airflow/dags/my_dag.py
[2025-03-05T07:50:34.821+0000] {processor.py:829} INFO - Processing file /opt/airflow/dags/my_dag.py for tasks to queue
[2025-03-05T07:50:34.822+0000] {logging_mixin.py:151} INFO - [2025-03-05T07:50:34.822+0000] {dagbag.py:539} INFO - Filling up the DagBag from /opt/airflow/dags/my_dag.py
[2025-03-05T07:50:35.355+0000] {processor.py:839} INFO - DAG(s) dict_keys(['ml_pipeline']) retrieved from /opt/airflow/dags/my_dag.py
[2025-03-05T07:50:35.368+0000] {logging_mixin.py:151} INFO - [2025-03-05T07:50:35.368+0000] {dag.py:2915} INFO - Sync 1 DAGs
[2025-03-05T07:50:35.378+0000] {logging_mixin.py:151} INFO - [2025-03-05T07:50:35.378+0000] {dag.py:3696} INFO - Setting next_dagrun for ml_pipeline to 2025-04-03T00:00:00+00:00, run_after=2025-04-04T00:00:00+00:00
[2025-03-05T07:50:35.385+0000] {processor.py:179} INFO - Processing /opt/airflow/dags/my_dag.py took 0.570 seconds
[2025-03-05T07:51:05.551+0000] {processor.py:157} INFO - Started process (PID=261) to work on /opt/airflow/dags/my_dag.py
[2025-03-05T07:51:05.552+0000] {processor.py:829} INFO - Processing file /opt/airflow/dags/my_dag.py for tasks to queue
[2025-03-05T07:51:05.553+0000] {logging_mixin.py:151} INFO - [2025-03-05T07:51:05.552+0000] {dagbag.py:539} INFO - Filling up the DagBag from /opt/airflow/dags/my_dag.py
[2025-03-05T07:51:06.108+0000] {processor.py:839} INFO - DAG(s) dict_keys(['ml_pipeline']) retrieved from /opt/airflow/dags/my_dag.py
[2025-03-05T07:51:06.124+0000] {logging_mixin.py:151} INFO - [2025-03-05T07:51:06.123+0000] {dag.py:2915} INFO - Sync 1 DAGs
[2025-03-05T07:51:06.136+0000] {logging_mixin.py:151} INFO - [2025-03-05T07:51:06.136+0000] {dag.py:3696} INFO - Setting next_dagrun for ml_pipeline to 2025-04-03T00:00:00+00:00, run_after=2025-04-04T00:00:00+00:00
[2025-03-05T07:51:06.145+0000] {processor.py:179} INFO - Processing /opt/airflow/dags/my_dag.py took 0.598 seconds
[2025-03-05T07:51:36.469+0000] {processor.py:157} INFO - Started process (PID=282) to work on /opt/airflow/dags/my_dag.py
[2025-03-05T07:51:36.470+0000] {processor.py:829} INFO - Processing file /opt/airflow/dags/my_dag.py for tasks to queue
[2025-03-05T07:51:36.471+0000] {logging_mixin.py:151} INFO - [2025-03-05T07:51:36.470+0000] {dagbag.py:539} INFO - Filling up the DagBag from /opt/airflow/dags/my_dag.py
[2025-03-05T07:51:36.813+0000] {processor.py:839} INFO - DAG(s) dict_keys(['ml_pipeline']) retrieved from /opt/airflow/dags/my_dag.py
[2025-03-05T07:51:36.833+0000] {logging_mixin.py:151} INFO - [2025-03-05T07:51:36.833+0000] {dag.py:2915} INFO - Sync 1 DAGs
[2025-03-05T07:51:36.847+0000] {logging_mixin.py:151} INFO - [2025-03-05T07:51:36.847+0000] {dag.py:3696} INFO - Setting next_dagrun for ml_pipeline to 2025-04-03T00:00:00+00:00, run_after=2025-04-04T00:00:00+00:00
[2025-03-05T07:51:36.856+0000] {processor.py:179} INFO - Processing /opt/airflow/dags/my_dag.py took 0.395 seconds
[2025-03-05T07:52:07.141+0000] {processor.py:157} INFO - Started process (PID=303) to work on /opt/airflow/dags/my_dag.py
[2025-03-05T07:52:07.142+0000] {processor.py:829} INFO - Processing file /opt/airflow/dags/my_dag.py for tasks to queue
[2025-03-05T07:52:07.143+0000] {logging_mixin.py:151} INFO - [2025-03-05T07:52:07.143+0000] {dagbag.py:539} INFO - Filling up the DagBag from /opt/airflow/dags/my_dag.py
[2025-03-05T07:52:07.428+0000] {processor.py:839} INFO - DAG(s) dict_keys(['ml_pipeline']) retrieved from /opt/airflow/dags/my_dag.py
[2025-03-05T07:52:07.445+0000] {logging_mixin.py:151} INFO - [2025-03-05T07:52:07.445+0000] {dag.py:2915} INFO - Sync 1 DAGs
[2025-03-05T07:52:07.456+0000] {logging_mixin.py:151} INFO - [2025-03-05T07:52:07.456+0000] {dag.py:3696} INFO - Setting next_dagrun for ml_pipeline to 2025-04-03T00:00:00+00:00, run_after=2025-04-04T00:00:00+00:00
[2025-03-05T07:52:07.463+0000] {processor.py:179} INFO - Processing /opt/airflow/dags/my_dag.py took 0.326 seconds
[2025-03-05T07:52:37.731+0000] {processor.py:157} INFO - Started process (PID=324) to work on /opt/airflow/dags/my_dag.py
[2025-03-05T07:52:37.732+0000] {processor.py:829} INFO - Processing file /opt/airflow/dags/my_dag.py for tasks to queue
[2025-03-05T07:52:37.733+0000] {logging_mixin.py:151} INFO - [2025-03-05T07:52:37.733+0000] {dagbag.py:539} INFO - Filling up the DagBag from /opt/airflow/dags/my_dag.py
[2025-03-05T07:52:38.055+0000] {processor.py:839} INFO - DAG(s) dict_keys(['ml_pipeline']) retrieved from /opt/airflow/dags/my_dag.py
[2025-03-05T07:52:38.074+0000] {logging_mixin.py:151} INFO - [2025-03-05T07:52:38.074+0000] {dag.py:2915} INFO - Sync 1 DAGs
[2025-03-05T07:52:38.086+0000] {logging_mixin.py:151} INFO - [2025-03-05T07:52:38.086+0000] {dag.py:3696} INFO - Setting next_dagrun for ml_pipeline to 2025-04-03T00:00:00+00:00, run_after=2025-04-04T00:00:00+00:00
[2025-03-05T07:52:38.095+0000] {processor.py:179} INFO - Processing /opt/airflow/dags/my_dag.py took 0.368 seconds
[2025-03-05T07:53:08.364+0000] {processor.py:157} INFO - Started process (PID=345) to work on /opt/airflow/dags/my_dag.py
[2025-03-05T07:53:08.365+0000] {processor.py:829} INFO - Processing file /opt/airflow/dags/my_dag.py for tasks to queue
[2025-03-05T07:53:08.366+0000] {logging_mixin.py:151} INFO - [2025-03-05T07:53:08.366+0000] {dagbag.py:539} INFO - Filling up the DagBag from /opt/airflow/dags/my_dag.py
[2025-03-05T07:53:08.684+0000] {processor.py:839} INFO - DAG(s) dict_keys(['ml_pipeline']) retrieved from /opt/airflow/dags/my_dag.py
[2025-03-05T07:53:08.702+0000] {logging_mixin.py:151} INFO - [2025-03-05T07:53:08.702+0000] {dag.py:2915} INFO - Sync 1 DAGs
[2025-03-05T07:53:08.716+0000] {logging_mixin.py:151} INFO - [2025-03-05T07:53:08.715+0000] {dag.py:3696} INFO - Setting next_dagrun for ml_pipeline to 2025-04-03T00:00:00+00:00, run_after=2025-04-04T00:00:00+00:00
[2025-03-05T07:53:08.725+0000] {processor.py:179} INFO - Processing /opt/airflow/dags/my_dag.py took 0.365 seconds
[2025-03-05T07:53:39.023+0000] {processor.py:157} INFO - Started process (PID=366) to work on /opt/airflow/dags/my_dag.py
[2025-03-05T07:53:39.024+0000] {processor.py:829} INFO - Processing file /opt/airflow/dags/my_dag.py for tasks to queue
[2025-03-05T07:53:39.024+0000] {logging_mixin.py:151} INFO - [2025-03-05T07:53:39.024+0000] {dagbag.py:539} INFO - Filling up the DagBag from /opt/airflow/dags/my_dag.py
[2025-03-05T07:53:39.300+0000] {processor.py:839} INFO - DAG(s) dict_keys(['ml_pipeline']) retrieved from /opt/airflow/dags/my_dag.py
[2025-03-05T07:53:39.314+0000] {logging_mixin.py:151} INFO - [2025-03-05T07:53:39.314+0000] {dag.py:2915} INFO - Sync 1 DAGs
[2025-03-05T07:53:39.325+0000] {logging_mixin.py:151} INFO - [2025-03-05T07:53:39.324+0000] {dag.py:3696} INFO - Setting next_dagrun for ml_pipeline to 2025-04-03T00:00:00+00:00, run_after=2025-04-04T00:00:00+00:00
[2025-03-05T07:53:39.332+0000] {processor.py:179} INFO - Processing /opt/airflow/dags/my_dag.py took 0.312 seconds
[2025-03-05T07:54:09.633+0000] {processor.py:157} INFO - Started process (PID=387) to work on /opt/airflow/dags/my_dag.py
[2025-03-05T07:54:09.634+0000] {processor.py:829} INFO - Processing file /opt/airflow/dags/my_dag.py for tasks to queue
[2025-03-05T07:54:09.636+0000] {logging_mixin.py:151} INFO - [2025-03-05T07:54:09.635+0000] {dagbag.py:539} INFO - Filling up the DagBag from /opt/airflow/dags/my_dag.py
[2025-03-05T07:54:09.961+0000] {processor.py:839} INFO - DAG(s) dict_keys(['ml_pipeline']) retrieved from /opt/airflow/dags/my_dag.py
[2025-03-05T07:54:09.982+0000] {logging_mixin.py:151} INFO - [2025-03-05T07:54:09.982+0000] {dag.py:2915} INFO - Sync 1 DAGs
[2025-03-05T07:54:09.996+0000] {logging_mixin.py:151} INFO - [2025-03-05T07:54:09.996+0000] {dag.py:3696} INFO - Setting next_dagrun for ml_pipeline to 2025-04-03T00:00:00+00:00, run_after=2025-04-04T00:00:00+00:00
[2025-03-05T07:54:10.004+0000] {processor.py:179} INFO - Processing /opt/airflow/dags/my_dag.py took 0.375 seconds
[2025-03-05T07:54:40.304+0000] {processor.py:157} INFO - Started process (PID=408) to work on /opt/airflow/dags/my_dag.py
[2025-03-05T07:54:40.305+0000] {processor.py:829} INFO - Processing file /opt/airflow/dags/my_dag.py for tasks to queue
[2025-03-05T07:54:40.306+0000] {logging_mixin.py:151} INFO - [2025-03-05T07:54:40.306+0000] {dagbag.py:539} INFO - Filling up the DagBag from /opt/airflow/dags/my_dag.py
[2025-03-05T07:54:40.601+0000] {processor.py:839} INFO - DAG(s) dict_keys(['ml_pipeline']) retrieved from /opt/airflow/dags/my_dag.py
[2025-03-05T07:54:40.615+0000] {logging_mixin.py:151} INFO - [2025-03-05T07:54:40.615+0000] {dag.py:2915} INFO - Sync 1 DAGs
[2025-03-05T07:54:40.628+0000] {logging_mixin.py:151} INFO - [2025-03-05T07:54:40.628+0000] {dag.py:3696} INFO - Setting next_dagrun for ml_pipeline to 2025-04-03T00:00:00+00:00, run_after=2025-04-04T00:00:00+00:00
[2025-03-05T07:54:40.636+0000] {processor.py:179} INFO - Processing /opt/airflow/dags/my_dag.py took 0.335 seconds
[2025-03-05T07:55:10.956+0000] {processor.py:157} INFO - Started process (PID=429) to work on /opt/airflow/dags/my_dag.py
[2025-03-05T07:55:10.957+0000] {processor.py:829} INFO - Processing file /opt/airflow/dags/my_dag.py for tasks to queue
[2025-03-05T07:55:10.958+0000] {logging_mixin.py:151} INFO - [2025-03-05T07:55:10.958+0000] {dagbag.py:539} INFO - Filling up the DagBag from /opt/airflow/dags/my_dag.py
[2025-03-05T07:55:11.281+0000] {processor.py:839} INFO - DAG(s) dict_keys(['ml_pipeline']) retrieved from /opt/airflow/dags/my_dag.py
[2025-03-05T07:55:11.299+0000] {logging_mixin.py:151} INFO - [2025-03-05T07:55:11.299+0000] {dag.py:2915} INFO - Sync 1 DAGs
[2025-03-05T07:55:11.312+0000] {logging_mixin.py:151} INFO - [2025-03-05T07:55:11.312+0000] {dag.py:3696} INFO - Setting next_dagrun for ml_pipeline to 2025-04-03T00:00:00+00:00, run_after=2025-04-04T00:00:00+00:00
[2025-03-05T07:55:11.320+0000] {processor.py:179} INFO - Processing /opt/airflow/dags/my_dag.py took 0.368 seconds
[2025-03-05T07:55:41.678+0000] {processor.py:157} INFO - Started process (PID=450) to work on /opt/airflow/dags/my_dag.py
[2025-03-05T07:55:41.679+0000] {processor.py:829} INFO - Processing file /opt/airflow/dags/my_dag.py for tasks to queue
[2025-03-05T07:55:41.680+0000] {logging_mixin.py:151} INFO - [2025-03-05T07:55:41.680+0000] {dagbag.py:539} INFO - Filling up the DagBag from /opt/airflow/dags/my_dag.py
[2025-03-05T07:55:42.007+0000] {processor.py:839} INFO - DAG(s) dict_keys(['ml_pipeline']) retrieved from /opt/airflow/dags/my_dag.py
[2025-03-05T07:55:42.027+0000] {logging_mixin.py:151} INFO - [2025-03-05T07:55:42.027+0000] {dag.py:2915} INFO - Sync 1 DAGs
[2025-03-05T07:55:42.040+0000] {logging_mixin.py:151} INFO - [2025-03-05T07:55:42.040+0000] {dag.py:3696} INFO - Setting next_dagrun for ml_pipeline to 2025-04-03T00:00:00+00:00, run_after=2025-04-04T00:00:00+00:00
[2025-03-05T07:55:42.048+0000] {processor.py:179} INFO - Processing /opt/airflow/dags/my_dag.py took 0.377 seconds
[2025-03-05T07:56:12.326+0000] {processor.py:157} INFO - Started process (PID=471) to work on /opt/airflow/dags/my_dag.py
[2025-03-05T07:56:12.327+0000] {processor.py:829} INFO - Processing file /opt/airflow/dags/my_dag.py for tasks to queue
[2025-03-05T07:56:12.328+0000] {logging_mixin.py:151} INFO - [2025-03-05T07:56:12.328+0000] {dagbag.py:539} INFO - Filling up the DagBag from /opt/airflow/dags/my_dag.py
[2025-03-05T07:56:12.596+0000] {processor.py:839} INFO - DAG(s) dict_keys(['ml_pipeline']) retrieved from /opt/airflow/dags/my_dag.py
[2025-03-05T07:56:12.609+0000] {logging_mixin.py:151} INFO - [2025-03-05T07:56:12.608+0000] {dag.py:2915} INFO - Sync 1 DAGs
[2025-03-05T07:56:12.619+0000] {logging_mixin.py:151} INFO - [2025-03-05T07:56:12.618+0000] {dag.py:3696} INFO - Setting next_dagrun for ml_pipeline to 2025-04-03T00:00:00+00:00, run_after=2025-04-04T00:00:00+00:00
[2025-03-05T07:56:12.627+0000] {processor.py:179} INFO - Processing /opt/airflow/dags/my_dag.py took 0.304 seconds
[2025-03-05T07:56:42.939+0000] {processor.py:157} INFO - Started process (PID=492) to work on /opt/airflow/dags/my_dag.py
[2025-03-05T07:56:42.940+0000] {processor.py:829} INFO - Processing file /opt/airflow/dags/my_dag.py for tasks to queue
[2025-03-05T07:56:42.942+0000] {logging_mixin.py:151} INFO - [2025-03-05T07:56:42.941+0000] {dagbag.py:539} INFO - Filling up the DagBag from /opt/airflow/dags/my_dag.py
[2025-03-05T07:56:43.265+0000] {processor.py:839} INFO - DAG(s) dict_keys(['ml_pipeline']) retrieved from /opt/airflow/dags/my_dag.py
[2025-03-05T07:56:43.295+0000] {logging_mixin.py:151} INFO - [2025-03-05T07:56:43.295+0000] {dag.py:2915} INFO - Sync 1 DAGs
[2025-03-05T07:56:43.309+0000] {logging_mixin.py:151} INFO - [2025-03-05T07:56:43.309+0000] {dag.py:3696} INFO - Setting next_dagrun for ml_pipeline to 2025-04-03T00:00:00+00:00, run_after=2025-04-04T00:00:00+00:00
[2025-03-05T07:56:43.323+0000] {processor.py:179} INFO - Processing /opt/airflow/dags/my_dag.py took 0.390 seconds
[2025-03-05T07:57:13.555+0000] {processor.py:157} INFO - Started process (PID=513) to work on /opt/airflow/dags/my_dag.py
[2025-03-05T07:57:13.556+0000] {processor.py:829} INFO - Processing file /opt/airflow/dags/my_dag.py for tasks to queue
[2025-03-05T07:57:13.557+0000] {logging_mixin.py:151} INFO - [2025-03-05T07:57:13.557+0000] {dagbag.py:539} INFO - Filling up the DagBag from /opt/airflow/dags/my_dag.py
[2025-03-05T07:57:13.832+0000] {processor.py:839} INFO - DAG(s) dict_keys(['ml_pipeline']) retrieved from /opt/airflow/dags/my_dag.py
[2025-03-05T07:57:13.846+0000] {logging_mixin.py:151} INFO - [2025-03-05T07:57:13.846+0000] {dag.py:2915} INFO - Sync 1 DAGs
[2025-03-05T07:57:13.858+0000] {logging_mixin.py:151} INFO - [2025-03-05T07:57:13.858+0000] {dag.py:3696} INFO - Setting next_dagrun for ml_pipeline to 2025-04-03T00:00:00+00:00, run_after=2025-04-04T00:00:00+00:00
[2025-03-05T07:57:13.866+0000] {processor.py:179} INFO - Processing /opt/airflow/dags/my_dag.py took 0.314 seconds
[2025-03-05T07:57:44.144+0000] {processor.py:157} INFO - Started process (PID=534) to work on /opt/airflow/dags/my_dag.py
[2025-03-05T07:57:44.146+0000] {processor.py:829} INFO - Processing file /opt/airflow/dags/my_dag.py for tasks to queue
[2025-03-05T07:57:44.146+0000] {logging_mixin.py:151} INFO - [2025-03-05T07:57:44.146+0000] {dagbag.py:539} INFO - Filling up the DagBag from /opt/airflow/dags/my_dag.py
[2025-03-05T07:57:44.486+0000] {processor.py:839} INFO - DAG(s) dict_keys(['ml_pipeline']) retrieved from /opt/airflow/dags/my_dag.py
[2025-03-05T07:57:44.499+0000] {logging_mixin.py:151} INFO - [2025-03-05T07:57:44.499+0000] {dag.py:2915} INFO - Sync 1 DAGs
[2025-03-05T07:57:44.509+0000] {logging_mixin.py:151} INFO - [2025-03-05T07:57:44.509+0000] {dag.py:3696} INFO - Setting next_dagrun for ml_pipeline to 2025-04-03T00:00:00+00:00, run_after=2025-04-04T00:00:00+00:00
[2025-03-05T07:57:44.516+0000] {processor.py:179} INFO - Processing /opt/airflow/dags/my_dag.py took 0.375 seconds
