[2025-03-05T07:49:02.466+0000] {manager.py:487} INFO - Processing files using up to 2 processes at a time 
[2025-03-05T07:49:02.466+0000] {manager.py:488} INFO - Process each file at most once every 30 seconds
[2025-03-05T07:49:02.467+0000] {manager.py:489} INFO - Checking for new files in /opt/airflow/dags every 300 seconds
[2025-03-05T07:49:02.467+0000] {manager.py:759} INFO - Searching for files in /opt/airflow/dags
[2025-03-05T07:49:02.468+0000] {manager.py:762} INFO - There are 1 files in /opt/airflow/dags
[2025-03-05T07:49:02.508+0000] {manager.py:893} INFO - 
================================================================================
DAG File Processing Stats

File Path                      PID  Runtime      # DAGs    # Errors  Last Runtime    Last Run
---------------------------  -----  ---------  --------  ----------  --------------  ----------
/opt/airflow/dags/my_dag.py    170  0.02s             0           0
================================================================================
[2025-03-05T07:49:32.752+0000] {manager.py:893} INFO - 
================================================================================
DAG File Processing Stats

File Path                    PID    Runtime      # DAGs    # Errors  Last Runtime    Last Run
---------------------------  -----  ---------  --------  ----------  --------------  -------------------
/opt/airflow/dags/my_dag.py                           1           0  0.59s           2025-03-05T07:49:03
================================================================================
[2025-03-05T07:50:02.997+0000] {manager.py:893} INFO - 
================================================================================
DAG File Processing Stats

File Path                    PID    Runtime      # DAGs    # Errors  Last Runtime    Last Run
---------------------------  -----  ---------  --------  ----------  --------------  -------------------
/opt/airflow/dags/my_dag.py                           1           0  0.45s           2025-03-05T07:49:33
================================================================================
[2025-03-05T07:50:33.259+0000] {manager.py:893} INFO - 
================================================================================
DAG File Processing Stats

File Path                    PID    Runtime      # DAGs    # Errors  Last Runtime    Last Run
---------------------------  -----  ---------  --------  ----------  --------------  -------------------
/opt/airflow/dags/my_dag.py                           1           0  0.54s           2025-03-05T07:50:04
================================================================================
[2025-03-05T07:51:03.503+0000] {manager.py:893} INFO - 
================================================================================
DAG File Processing Stats

File Path                    PID    Runtime      # DAGs    # Errors  Last Runtime    Last Run
---------------------------  -----  ---------  --------  ----------  --------------  -------------------
/opt/airflow/dags/my_dag.py                           1           0  0.59s           2025-03-05T07:50:35
================================================================================
[2025-03-05T07:51:34.051+0000] {manager.py:893} INFO - 
================================================================================
DAG File Processing Stats

File Path                    PID    Runtime      # DAGs    # Errors  Last Runtime    Last Run
---------------------------  -----  ---------  --------  ----------  --------------  -------------------
/opt/airflow/dags/my_dag.py                           1           0  0.62s           2025-03-05T07:51:06
================================================================================
[2025-03-05T07:52:04.098+0000] {manager.py:893} INFO - 
================================================================================
DAG File Processing Stats

File Path                    PID    Runtime      # DAGs    # Errors  Last Runtime    Last Run
---------------------------  -----  ---------  --------  ----------  --------------  -------------------
/opt/airflow/dags/my_dag.py                           1           0  0.45s           2025-03-05T07:51:36
================================================================================
[2025-03-05T07:52:34.332+0000] {manager.py:893} INFO - 
================================================================================
DAG File Processing Stats

File Path                    PID    Runtime      # DAGs    # Errors  Last Runtime    Last Run
---------------------------  -----  ---------  --------  ----------  --------------  -------------------
/opt/airflow/dags/my_dag.py                           1           0  0.34s           2025-03-05T07:52:07
================================================================================
[2025-03-05T07:53:04.950+0000] {manager.py:893} INFO - 
================================================================================
DAG File Processing Stats

File Path                    PID    Runtime      # DAGs    # Errors  Last Runtime    Last Run
---------------------------  -----  ---------  --------  ----------  --------------  -------------------
/opt/airflow/dags/my_dag.py                           1           0  0.39s           2025-03-05T07:52:38
================================================================================
[2025-03-05T07:53:34.969+0000] {manager.py:893} INFO - 
================================================================================
DAG File Processing Stats

File Path                    PID    Runtime      # DAGs    # Errors  Last Runtime    Last Run
---------------------------  -----  ---------  --------  ----------  --------------  -------------------
/opt/airflow/dags/my_dag.py                           1           0  0.38s           2025-03-05T07:53:08
================================================================================
[2025-03-05T07:54:02.554+0000] {manager.py:759} INFO - Searching for files in /opt/airflow/dags
[2025-03-05T07:54:02.559+0000] {manager.py:762} INFO - There are 1 files in /opt/airflow/dags
[2025-03-05T07:54:05.235+0000] {manager.py:893} INFO - 
================================================================================
DAG File Processing Stats

File Path                    PID    Runtime      # DAGs    # Errors  Last Runtime    Last Run
---------------------------  -----  ---------  --------  ----------  --------------  -------------------
/opt/airflow/dags/my_dag.py                           1           0  0.33s           2025-03-05T07:53:39
================================================================================
[2025-03-05T07:54:35.246+0000] {manager.py:893} INFO - 
================================================================================
DAG File Processing Stats

File Path                    PID    Runtime      # DAGs    # Errors  Last Runtime    Last Run
---------------------------  -----  ---------  --------  ----------  --------------  -------------------
/opt/airflow/dags/my_dag.py                           1           0  0.40s           2025-03-05T07:54:10
================================================================================
[2025-03-05T07:55:05.539+0000] {manager.py:893} INFO - 
================================================================================
DAG File Processing Stats

File Path                    PID    Runtime      # DAGs    # Errors  Last Runtime    Last Run
---------------------------  -----  ---------  --------  ----------  --------------  -------------------
/opt/airflow/dags/my_dag.py                           1           0  0.35s           2025-03-05T07:54:40
================================================================================
[2025-03-05T07:55:35.596+0000] {manager.py:893} INFO - 
================================================================================
DAG File Processing Stats

File Path                    PID    Runtime      # DAGs    # Errors  Last Runtime    Last Run
---------------------------  -----  ---------  --------  ----------  --------------  -------------------
/opt/airflow/dags/my_dag.py                           1           0  0.39s           2025-03-05T07:55:11
================================================================================
[2025-03-05T07:56:05.868+0000] {manager.py:893} INFO - 
================================================================================
DAG File Processing Stats

File Path                    PID    Runtime      # DAGs    # Errors  Last Runtime    Last Run
---------------------------  -----  ---------  --------  ----------  --------------  -------------------
/opt/airflow/dags/my_dag.py                           1           0  0.40s           2025-03-05T07:55:42
================================================================================
[2025-03-05T07:56:36.541+0000] {manager.py:893} INFO - 
================================================================================
DAG File Processing Stats

File Path                    PID    Runtime      # DAGs    # Errors  Last Runtime    Last Run
---------------------------  -----  ---------  --------  ----------  --------------  -------------------
/opt/airflow/dags/my_dag.py                           1           0  0.32s           2025-03-05T07:56:12
================================================================================
[2025-03-05T07:57:07.186+0000] {manager.py:893} INFO - 
================================================================================
DAG File Processing Stats

File Path                    PID    Runtime      # DAGs    # Errors  Last Runtime    Last Run
---------------------------  -----  ---------  --------  ----------  --------------  -------------------
/opt/airflow/dags/my_dag.py                           1           0  0.42s           2025-03-05T07:56:43
================================================================================
[2025-03-05T07:57:37.708+0000] {manager.py:893} INFO - 
================================================================================
DAG File Processing Stats

File Path                    PID    Runtime      # DAGs    # Errors  Last Runtime    Last Run
---------------------------  -----  ---------  --------  ----------  --------------  -------------------
/opt/airflow/dags/my_dag.py                           1           0  0.33s           2025-03-05T07:57:13
================================================================================
[2025-03-05T07:58:07.723+0000] {manager.py:893} INFO - 
================================================================================
DAG File Processing Stats

File Path                    PID    Runtime      # DAGs    # Errors  Last Runtime    Last Run
---------------------------  -----  ---------  --------  ----------  --------------  -------------------
/opt/airflow/dags/my_dag.py                           1           0  0.39s           2025-03-05T07:57:44
================================================================================
[2025-03-05T07:58:37.994+0000] {manager.py:893} INFO - 
================================================================================
DAG File Processing Stats

File Path                    PID    Runtime      # DAGs    # Errors  Last Runtime    Last Run
---------------------------  -----  ---------  --------  ----------  --------------  -------------------
/opt/airflow/dags/my_dag.py                           1           0  0.45s           2025-03-05T07:58:15
================================================================================
[2025-03-05T07:59:02.675+0000] {manager.py:759} INFO - Searching for files in /opt/airflow/dags
[2025-03-05T07:59:02.680+0000] {manager.py:762} INFO - There are 1 files in /opt/airflow/dags
[2025-03-05T07:59:08.083+0000] {manager.py:893} INFO - 
================================================================================
DAG File Processing Stats

File Path                    PID    Runtime      # DAGs    # Errors  Last Runtime    Last Run
---------------------------  -----  ---------  --------  ----------  --------------  -------------------
/opt/airflow/dags/my_dag.py                           1           0  0.39s           2025-03-05T07:58:45
================================================================================
[2025-03-05T07:59:38.343+0000] {manager.py:893} INFO - 
================================================================================
DAG File Processing Stats

File Path                    PID    Runtime      # DAGs    # Errors  Last Runtime    Last Run
---------------------------  -----  ---------  --------  ----------  --------------  -------------------
/opt/airflow/dags/my_dag.py                           1           0  0.37s           2025-03-05T07:59:16
================================================================================
