[2025-03-09T12:28:45.040+0000] {local_task_job_runner.py:123} INFO - ::group::Pre task execution logs
[2025-03-09T12:28:45.048+0000] {taskinstance.py:2614} INFO - Dependencies all met for dep_context=non-requeueable deps ti=<TaskInstance: SparkDag.intro scheduled__2025-03-08T00:00:00+00:00 [queued]>
[2025-03-09T12:28:45.051+0000] {taskinstance.py:2614} INFO - Dependencies all met for dep_context=requeueable deps ti=<TaskInstance: SparkDag.intro scheduled__2025-03-08T00:00:00+00:00 [queued]>
[2025-03-09T12:28:45.053+0000] {taskinstance.py:2867} INFO - Starting attempt 1 of 4
[2025-03-09T12:28:45.058+0000] {taskinstance.py:2890} INFO - Executing <Task(BashOperator): intro> on 2025-03-08 00:00:00+00:00
[2025-03-09T12:28:45.061+0000] {standard_task_runner.py:72} INFO - Started process 220 to run task
[2025-03-09T12:28:45.063+0000] {standard_task_runner.py:104} INFO - Running: ['***', 'tasks', 'run', 'SparkDag', 'intro', 'scheduled__2025-03-08T00:00:00+00:00', '--job-id', '4', '--raw', '--subdir', 'DAGS_FOLDER/spark_job_example.py', '--cfg-path', '/tmp/tmp020_ozek']
[2025-03-09T12:28:45.065+0000] {standard_task_runner.py:105} INFO - Job 4: Subtask intro
[2025-03-09T12:28:45.089+0000] {task_command.py:467} INFO - Running <TaskInstance: SparkDag.intro scheduled__2025-03-08T00:00:00+00:00 [running]> on host b9ca2d8b50b2
[2025-03-09T12:28:45.273+0000] {taskinstance.py:3134} INFO - Exporting env vars: AIRFLOW_CTX_DAG_OWNER='***' AIRFLOW_CTX_DAG_ID='SparkDag' AIRFLOW_CTX_TASK_ID='intro' AIRFLOW_CTX_EXECUTION_DATE='2025-03-08T00:00:00+00:00' AIRFLOW_CTX_TRY_NUMBER='1' AIRFLOW_CTX_DAG_RUN_ID='scheduled__2025-03-08T00:00:00+00:00'
[2025-03-09T12:28:45.274+0000] {taskinstance.py:732} INFO - ::endgroup::
[2025-03-09T12:28:45.281+0000] {subprocess.py:78} INFO - Tmp dir root location: /tmp
[2025-03-09T12:28:45.282+0000] {subprocess.py:88} INFO - Running command: ['/bin/bash', '-c', 'echo "Spark Connection ..."']
[2025-03-09T12:28:45.286+0000] {subprocess.py:99} INFO - Output:
[2025-03-09T12:28:45.287+0000] {subprocess.py:106} INFO - Spark Connection ...
[2025-03-09T12:28:45.287+0000] {subprocess.py:110} INFO - Command exited with return code 0
[2025-03-09T12:28:45.300+0000] {taskinstance.py:341} INFO - ::group::Post task execution logs
[2025-03-09T12:28:45.300+0000] {taskinstance.py:353} INFO - Marking task as SUCCESS. dag_id=SparkDag, task_id=intro, run_id=scheduled__2025-03-08T00:00:00+00:00, execution_date=20250308T000000, start_date=20250309T122845, end_date=20250309T122845
[2025-03-09T12:28:45.323+0000] {local_task_job_runner.py:266} INFO - Task exited with return code 0
[2025-03-09T12:28:45.342+0000] {taskinstance.py:3901} INFO - 1 downstream tasks scheduled from follow-on schedule check
[2025-03-09T12:28:45.343+0000] {local_task_job_runner.py:245} INFO - ::endgroup::
